== k6 scenario=hub-enrichment profile=mid ==

         /\      Grafana   /‾‾/
    /\  /  \     |\  __   /  /
   /  \/    \    | |/ /  /   ‾‾\
  /          \   |   (  |  (‾)  |
 / __________ \  |_|\_\  \_____/


     execution: local
        script: scripts/embeddings/k6/hub-enrichment.js
        output: -

     scenarios: (100.00%) 1 scenario, 20 max VUs, 5m30s max duration (incl. graceful stop):
              * mid: 3.00 iterations/s for 5m0s (maxVUs: 2-20, gracefulStop: 30s)


running (0m01.0s), 01/02 VUs, 3 complete and 0 interrupted iterations
mid    [   0% ] 01/02 VUs  0m01.0s/5m0s  3.00 iters/s

running (0m02.0s), 01/02 VUs, 6 complete and 0 interrupted iterations
mid    [   1% ] 01/02 VUs  0m02.0s/5m0s  3.00 iters/s

running (0m03.0s), 01/02 VUs, 9 complete and 0 interrupted iterations
mid    [   1% ] 01/02 VUs  0m03.0s/5m0s  3.00 iters/s

running (0m04.0s), 01/02 VUs, 12 complete and 0 interrupted iterations
mid    [   1% ] 01/02 VUs  0m04.0s/5m0s  3.00 iters/s

running (0m05.0s), 01/02 VUs, 15 complete and 0 interrupted iterations
mid    [   2% ] 01/02 VUs  0m05.0s/5m0s  3.00 iters/s

running (0m06.0s), 00/02 VUs, 18 complete and 0 interrupted iterations
mid    [   2% ] 00/02 VUs  0m06.0s/5m0s  3.00 iters/s

running (0m07.0s), 01/02 VUs, 21 complete and 0 interrupted iterations
mid    [   2% ] 01/02 VUs  0m07.0s/5m0s  3.00 iters/s

running (0m08.0s), 01/02 VUs, 24 complete and 0 interrupted iterations
mid    [   3% ] 01/02 VUs  0m08.0s/5m0s  3.00 iters/s

running (0m09.0s), 00/02 VUs, 27 complete and 0 interrupted iterations
mid    [   3% ] 00/02 VUs  0m09.0s/5m0s  3.00 iters/s

running (0m10.0s), 00/02 VUs, 30 complete and 0 interrupted iterations
mid    [   3% ] 00/02 VUs  0m10.0s/5m0s  3.00 iters/s

running (0m11.0s), 01/02 VUs, 33 complete and 0 interrupted iterations
mid    [   4% ] 01/02 VUs  0m11.0s/5m0s  3.00 iters/s

running (0m12.0s), 00/02 VUs, 36 complete and 0 interrupted iterations
mid    [   4% ] 01/02 VUs  0m12.0s/5m0s  3.00 iters/s

running (0m13.0s), 01/02 VUs, 39 complete and 0 interrupted iterations
mid    [   4% ] 01/02 VUs  0m13.0s/5m0s  3.00 iters/s

running (0m14.0s), 01/02 VUs, 42 complete and 0 interrupted iterations
mid    [   5% ] 01/02 VUs  0m14.0s/5m0s  3.00 iters/s

running (0m15.0s), 01/02 VUs, 45 complete and 0 interrupted iterations
mid    [   5% ] 01/02 VUs  0m15.0s/5m0s  3.00 iters/s

running (0m16.0s), 01/02 VUs, 48 complete and 0 interrupted iterations
mid    [   5% ] 01/02 VUs  0m16.0s/5m0s  3.00 iters/s

running (0m17.0s), 00/02 VUs, 51 complete and 0 interrupted iterations
mid    [   6% ] 00/02 VUs  0m17.0s/5m0s  3.00 iters/s

running (0m18.0s), 01/02 VUs, 54 complete and 0 interrupted iterations
mid    [   6% ] 01/02 VUs  0m18.0s/5m0s  3.00 iters/s

running (0m19.0s), 00/02 VUs, 57 complete and 0 interrupted iterations
mid    [   6% ] 00/02 VUs  0m19.0s/5m0s  3.00 iters/s

running (0m20.0s), 00/02 VUs, 60 complete and 0 interrupted iterations
mid    [   7% ] 00/02 VUs  0m20.0s/5m0s  3.00 iters/s

running (0m21.0s), 01/02 VUs, 63 complete and 0 interrupted iterations
mid    [   7% ] 01/02 VUs  0m21.0s/5m0s  3.00 iters/s

running (0m22.0s), 00/02 VUs, 66 complete and 0 interrupted iterations
mid    [   7% ] 01/02 VUs  0m22.0s/5m0s  3.00 iters/s

running (0m23.0s), 01/02 VUs, 69 complete and 0 interrupted iterations
mid    [   8% ] 01/02 VUs  0m23.0s/5m0s  3.00 iters/s

running (0m24.0s), 01/02 VUs, 72 complete and 0 interrupted iterations
mid    [   8% ] 01/02 VUs  0m24.0s/5m0s  3.00 iters/s

running (0m25.0s), 01/02 VUs, 75 complete and 0 interrupted iterations
mid    [   8% ] 01/02 VUs  0m25.0s/5m0s  3.00 iters/s

running (0m26.0s), 01/02 VUs, 78 complete and 0 interrupted iterations
mid    [   9% ] 01/02 VUs  0m26.0s/5m0s  3.00 iters/s

running (0m27.0s), 01/02 VUs, 81 complete and 0 interrupted iterations
mid    [   9% ] 01/02 VUs  0m27.0s/5m0s  3.00 iters/s

running (0m28.0s), 00/02 VUs, 84 complete and 0 interrupted iterations
mid    [   9% ] 00/02 VUs  0m28.0s/5m0s  3.00 iters/s

running (0m29.0s), 01/02 VUs, 87 complete and 0 interrupted iterations
mid    [  10% ] 01/02 VUs  0m29.0s/5m0s  3.00 iters/s

running (0m30.0s), 01/02 VUs, 90 complete and 0 interrupted iterations
mid    [  10% ] 01/02 VUs  0m30.0s/5m0s  3.00 iters/s

running (0m31.0s), 01/02 VUs, 93 complete and 0 interrupted iterations
mid    [  10% ] 01/02 VUs  0m31.0s/5m0s  3.00 iters/s

running (0m32.0s), 01/02 VUs, 96 complete and 0 interrupted iterations
mid    [  11% ] 01/02 VUs  0m32.0s/5m0s  3.00 iters/s

running (0m33.0s), 01/02 VUs, 99 complete and 0 interrupted iterations
mid    [  11% ] 01/02 VUs  0m33.0s/5m0s  3.00 iters/s

running (0m34.0s), 01/02 VUs, 102 complete and 0 interrupted iterations
mid    [  11% ] 01/02 VUs  0m34.0s/5m0s  3.00 iters/s

running (0m35.0s), 01/02 VUs, 105 complete and 0 interrupted iterations
mid    [  12% ] 01/02 VUs  0m35.0s/5m0s  3.00 iters/s

running (0m36.0s), 01/02 VUs, 108 complete and 0 interrupted iterations
mid    [  12% ] 01/02 VUs  0m36.0s/5m0s  3.00 iters/s

running (0m37.0s), 01/02 VUs, 111 complete and 0 interrupted iterations
mid    [  12% ] 01/02 VUs  0m37.0s/5m0s  3.00 iters/s

running (0m38.0s), 01/02 VUs, 114 complete and 0 interrupted iterations
mid    [  13% ] 01/02 VUs  0m38.0s/5m0s  3.00 iters/s

running (0m39.0s), 01/02 VUs, 117 complete and 0 interrupted iterations
mid    [  13% ] 01/02 VUs  0m39.0s/5m0s  3.00 iters/s

running (0m40.0s), 01/02 VUs, 120 complete and 0 interrupted iterations
mid    [  13% ] 01/02 VUs  0m40.0s/5m0s  3.00 iters/s

running (0m41.0s), 00/02 VUs, 123 complete and 0 interrupted iterations
mid    [  14% ] 00/02 VUs  0m41.0s/5m0s  3.00 iters/s

running (0m42.0s), 01/02 VUs, 126 complete and 0 interrupted iterations
mid    [  14% ] 01/02 VUs  0m42.0s/5m0s  3.00 iters/s

running (0m43.0s), 01/02 VUs, 129 complete and 0 interrupted iterations
mid    [  14% ] 01/02 VUs  0m43.0s/5m0s  3.00 iters/s

running (0m44.0s), 01/02 VUs, 132 complete and 0 interrupted iterations
mid    [  15% ] 01/02 VUs  0m44.0s/5m0s  3.00 iters/s

running (0m45.0s), 01/02 VUs, 135 complete and 0 interrupted iterations
mid    [  15% ] 01/02 VUs  0m45.0s/5m0s  3.00 iters/s

running (0m46.0s), 00/02 VUs, 138 complete and 0 interrupted iterations
mid    [  15% ] 00/02 VUs  0m46.0s/5m0s  3.00 iters/s

running (0m47.0s), 01/02 VUs, 141 complete and 0 interrupted iterations
mid    [  16% ] 01/02 VUs  0m47.0s/5m0s  3.00 iters/s

running (0m48.0s), 01/02 VUs, 144 complete and 0 interrupted iterations
mid    [  16% ] 01/02 VUs  0m48.0s/5m0s  3.00 iters/s

running (0m49.0s), 01/02 VUs, 147 complete and 0 interrupted iterations
mid    [  16% ] 01/02 VUs  0m49.0s/5m0s  3.00 iters/s

running (0m50.0s), 00/02 VUs, 150 complete and 0 interrupted iterations
mid    [  17% ] 00/02 VUs  0m50.0s/5m0s  3.00 iters/s

running (0m51.0s), 00/02 VUs, 153 complete and 0 interrupted iterations
mid    [  17% ] 00/02 VUs  0m51.0s/5m0s  3.00 iters/s

running (0m52.0s), 01/02 VUs, 156 complete and 0 interrupted iterations
mid    [  17% ] 01/02 VUs  0m52.0s/5m0s  3.00 iters/s

running (0m53.0s), 00/02 VUs, 159 complete and 0 interrupted iterations
mid    [  18% ] 00/02 VUs  0m53.0s/5m0s  3.00 iters/s

running (0m54.0s), 00/02 VUs, 162 complete and 0 interrupted iterations
mid    [  18% ] 00/02 VUs  0m54.0s/5m0s  3.00 iters/s

running (0m55.0s), 00/02 VUs, 165 complete and 0 interrupted iterations
mid    [  18% ] 01/02 VUs  0m55.0s/5m0s  3.00 iters/s

running (0m56.0s), 01/02 VUs, 168 complete and 0 interrupted iterations
mid    [  19% ] 01/02 VUs  0m56.0s/5m0s  3.00 iters/s

running (0m57.0s), 01/02 VUs, 171 complete and 0 interrupted iterations
mid    [  19% ] 01/02 VUs  0m57.0s/5m0s  3.00 iters/s

running (0m58.0s), 01/02 VUs, 174 complete and 0 interrupted iterations
mid    [  19% ] 01/02 VUs  0m58.0s/5m0s  3.00 iters/s

running (0m59.0s), 00/02 VUs, 177 complete and 0 interrupted iterations
mid    [  20% ] 00/02 VUs  0m59.0s/5m0s  3.00 iters/s

running (1m00.0s), 00/02 VUs, 180 complete and 0 interrupted iterations
mid    [  20% ] 00/02 VUs  1m00.0s/5m0s  3.00 iters/s

running (1m01.0s), 01/02 VUs, 183 complete and 0 interrupted iterations
mid    [  20% ] 01/02 VUs  1m01.0s/5m0s  3.00 iters/s

running (1m02.0s), 01/02 VUs, 186 complete and 0 interrupted iterations
mid    [  21% ] 01/02 VUs  1m02.0s/5m0s  3.00 iters/s

running (1m03.0s), 00/02 VUs, 189 complete and 0 interrupted iterations
mid    [  21% ] 00/02 VUs  1m03.0s/5m0s  3.00 iters/s

running (1m04.0s), 00/02 VUs, 192 complete and 0 interrupted iterations
mid    [  21% ] 00/02 VUs  1m04.0s/5m0s  3.00 iters/s

running (1m05.0s), 01/02 VUs, 195 complete and 0 interrupted iterations
mid    [  22% ] 01/02 VUs  1m05.0s/5m0s  3.00 iters/s

running (1m06.0s), 01/02 VUs, 198 complete and 0 interrupted iterations
mid    [  22% ] 01/02 VUs  1m06.0s/5m0s  3.00 iters/s

running (1m07.0s), 01/02 VUs, 201 complete and 0 interrupted iterations
mid    [  22% ] 01/02 VUs  1m07.0s/5m0s  3.00 iters/s

running (1m08.0s), 00/02 VUs, 204 complete and 0 interrupted iterations
mid    [  23% ] 00/02 VUs  1m08.0s/5m0s  3.00 iters/s

running (1m09.0s), 01/02 VUs, 207 complete and 0 interrupted iterations
mid    [  23% ] 01/02 VUs  1m09.0s/5m0s  3.00 iters/s

running (1m10.0s), 01/02 VUs, 210 complete and 0 interrupted iterations
mid    [  23% ] 01/02 VUs  1m10.0s/5m0s  3.00 iters/s

running (1m11.0s), 00/02 VUs, 213 complete and 0 interrupted iterations
mid    [  24% ] 01/02 VUs  1m11.0s/5m0s  3.00 iters/s

running (1m12.0s), 01/02 VUs, 216 complete and 0 interrupted iterations
mid    [  24% ] 01/02 VUs  1m12.0s/5m0s  3.00 iters/s

running (1m13.0s), 00/02 VUs, 219 complete and 0 interrupted iterations
mid    [  24% ] 00/02 VUs  1m13.0s/5m0s  3.00 iters/s

running (1m14.0s), 01/02 VUs, 222 complete and 0 interrupted iterations
mid    [  25% ] 01/02 VUs  1m14.0s/5m0s  3.00 iters/s

running (1m15.0s), 01/02 VUs, 225 complete and 0 interrupted iterations
mid    [  25% ] 01/02 VUs  1m15.0s/5m0s  3.00 iters/s

running (1m16.0s), 01/02 VUs, 228 complete and 0 interrupted iterations
mid    [  25% ] 01/02 VUs  1m16.0s/5m0s  3.00 iters/s

running (1m17.0s), 01/02 VUs, 231 complete and 0 interrupted iterations
mid    [  26% ] 01/02 VUs  1m17.0s/5m0s  3.00 iters/s

running (1m18.0s), 01/02 VUs, 234 complete and 0 interrupted iterations
mid    [  26% ] 01/02 VUs  1m18.0s/5m0s  3.00 iters/s

running (1m19.0s), 01/02 VUs, 237 complete and 0 interrupted iterations
mid    [  26% ] 01/02 VUs  1m19.0s/5m0s  3.00 iters/s

running (1m20.0s), 01/02 VUs, 240 complete and 0 interrupted iterations
mid    [  27% ] 01/02 VUs  1m20.0s/5m0s  3.00 iters/s

running (1m21.0s), 01/02 VUs, 243 complete and 0 interrupted iterations
mid    [  27% ] 01/02 VUs  1m21.0s/5m0s  3.00 iters/s

running (1m22.0s), 01/02 VUs, 246 complete and 0 interrupted iterations
mid    [  27% ] 01/02 VUs  1m22.0s/5m0s  3.00 iters/s

running (1m23.0s), 01/02 VUs, 249 complete and 0 interrupted iterations
mid    [  28% ] 01/02 VUs  1m23.0s/5m0s  3.00 iters/s

running (1m24.0s), 01/02 VUs, 252 complete and 0 interrupted iterations
mid    [  28% ] 01/02 VUs  1m24.0s/5m0s  3.00 iters/s

running (1m25.0s), 01/02 VUs, 255 complete and 0 interrupted iterations
mid    [  28% ] 01/02 VUs  1m25.0s/5m0s  3.00 iters/s

running (1m26.0s), 01/02 VUs, 258 complete and 0 interrupted iterations
mid    [  29% ] 01/02 VUs  1m26.0s/5m0s  3.00 iters/s

running (1m27.0s), 00/02 VUs, 261 complete and 0 interrupted iterations
mid    [  29% ] 00/02 VUs  1m27.0s/5m0s  3.00 iters/s

running (1m28.0s), 01/02 VUs, 264 complete and 0 interrupted iterations
mid    [  29% ] 01/02 VUs  1m28.0s/5m0s  3.00 iters/s

running (1m29.0s), 01/02 VUs, 267 complete and 0 interrupted iterations
mid    [  30% ] 01/02 VUs  1m29.0s/5m0s  3.00 iters/s

running (1m30.0s), 00/02 VUs, 270 complete and 0 interrupted iterations
mid    [  30% ] 01/02 VUs  1m30.0s/5m0s  3.00 iters/s

running (1m31.0s), 00/02 VUs, 273 complete and 0 interrupted iterations
mid    [  30% ] 00/02 VUs  1m31.0s/5m0s  3.00 iters/s

running (1m32.0s), 01/02 VUs, 276 complete and 0 interrupted iterations
mid    [  31% ] 01/02 VUs  1m32.0s/5m0s  3.00 iters/s

running (1m33.0s), 01/02 VUs, 279 complete and 0 interrupted iterations
mid    [  31% ] 01/02 VUs  1m33.0s/5m0s  3.00 iters/s

running (1m34.0s), 01/02 VUs, 282 complete and 0 interrupted iterations
mid    [  31% ] 01/02 VUs  1m34.0s/5m0s  3.00 iters/s

running (1m35.0s), 01/02 VUs, 285 complete and 0 interrupted iterations
mid    [  32% ] 01/02 VUs  1m35.0s/5m0s  3.00 iters/s

running (1m36.0s), 01/02 VUs, 288 complete and 0 interrupted iterations
mid    [  32% ] 01/02 VUs  1m36.0s/5m0s  3.00 iters/s

running (1m37.0s), 01/02 VUs, 291 complete and 0 interrupted iterations
mid    [  32% ] 01/02 VUs  1m37.0s/5m0s  3.00 iters/s

running (1m38.0s), 01/02 VUs, 294 complete and 0 interrupted iterations
mid    [  33% ] 01/02 VUs  1m38.0s/5m0s  3.00 iters/s

running (1m39.0s), 01/02 VUs, 297 complete and 0 interrupted iterations
mid    [  33% ] 01/02 VUs  1m39.0s/5m0s  3.00 iters/s

running (1m40.0s), 00/02 VUs, 300 complete and 0 interrupted iterations
mid    [  33% ] 00/02 VUs  1m40.0s/5m0s  3.00 iters/s

running (1m41.0s), 00/02 VUs, 303 complete and 0 interrupted iterations
mid    [  34% ] 00/02 VUs  1m41.0s/5m0s  3.00 iters/s

running (1m42.0s), 01/02 VUs, 306 complete and 0 interrupted iterations
mid    [  34% ] 01/02 VUs  1m42.0s/5m0s  3.00 iters/s

running (1m43.0s), 01/02 VUs, 309 complete and 0 interrupted iterations
mid    [  34% ] 01/02 VUs  1m43.0s/5m0s  3.00 iters/s

running (1m44.0s), 00/02 VUs, 312 complete and 0 interrupted iterations
mid    [  35% ] 00/02 VUs  1m44.0s/5m0s  3.00 iters/s

running (1m45.0s), 01/02 VUs, 315 complete and 0 interrupted iterations
mid    [  35% ] 01/02 VUs  1m45.0s/5m0s  3.00 iters/s

running (1m46.0s), 01/02 VUs, 318 complete and 0 interrupted iterations
mid    [  35% ] 01/02 VUs  1m46.0s/5m0s  3.00 iters/s

running (1m47.0s), 00/02 VUs, 321 complete and 0 interrupted iterations
mid    [  36% ] 00/02 VUs  1m47.0s/5m0s  3.00 iters/s

running (1m48.0s), 01/02 VUs, 324 complete and 0 interrupted iterations
mid    [  36% ] 01/02 VUs  1m48.0s/5m0s  3.00 iters/s

running (1m49.0s), 01/02 VUs, 327 complete and 0 interrupted iterations
mid    [  36% ] 01/02 VUs  1m49.0s/5m0s  3.00 iters/s

running (1m50.0s), 01/02 VUs, 330 complete and 0 interrupted iterations
mid    [  37% ] 01/02 VUs  1m50.0s/5m0s  3.00 iters/s

running (1m51.0s), 01/02 VUs, 333 complete and 0 interrupted iterations
mid    [  37% ] 01/02 VUs  1m51.0s/5m0s  3.00 iters/s

running (1m52.0s), 01/02 VUs, 336 complete and 0 interrupted iterations
mid    [  37% ] 01/02 VUs  1m52.0s/5m0s  3.00 iters/s

running (1m53.0s), 00/02 VUs, 339 complete and 0 interrupted iterations
mid    [  38% ] 00/02 VUs  1m53.0s/5m0s  3.00 iters/s

running (1m54.0s), 00/02 VUs, 342 complete and 0 interrupted iterations
mid    [  38% ] 01/02 VUs  1m54.0s/5m0s  3.00 iters/s

running (1m55.0s), 00/02 VUs, 345 complete and 0 interrupted iterations
mid    [  38% ] 01/02 VUs  1m55.0s/5m0s  3.00 iters/s

running (1m56.0s), 01/02 VUs, 348 complete and 0 interrupted iterations
mid    [  39% ] 01/02 VUs  1m56.0s/5m0s  3.00 iters/s

running (1m57.0s), 00/02 VUs, 351 complete and 0 interrupted iterations
mid    [  39% ] 00/02 VUs  1m57.0s/5m0s  3.00 iters/s

running (1m58.0s), 00/02 VUs, 354 complete and 0 interrupted iterations
mid    [  39% ] 00/02 VUs  1m58.0s/5m0s  3.00 iters/s

running (1m59.0s), 01/02 VUs, 357 complete and 0 interrupted iterations
mid    [  40% ] 01/02 VUs  1m59.0s/5m0s  3.00 iters/s

running (2m00.0s), 01/02 VUs, 360 complete and 0 interrupted iterations
mid    [  40% ] 01/02 VUs  2m00.0s/5m0s  3.00 iters/s

running (2m01.0s), 00/02 VUs, 363 complete and 0 interrupted iterations
mid    [  40% ] 00/02 VUs  2m01.0s/5m0s  3.00 iters/s

running (2m02.0s), 00/02 VUs, 366 complete and 0 interrupted iterations
mid    [  41% ] 00/02 VUs  2m02.0s/5m0s  3.00 iters/s

running (2m03.0s), 02/02 VUs, 368 complete and 0 interrupted iterations
mid    [  41% ] 02/02 VUs  2m03.0s/5m0s  3.00 iters/s

running (2m04.0s), 01/02 VUs, 372 complete and 0 interrupted iterations
mid    [  41% ] 01/02 VUs  2m04.0s/5m0s  3.00 iters/s

running (2m05.0s), 01/02 VUs, 375 complete and 0 interrupted iterations
mid    [  42% ] 01/02 VUs  2m05.0s/5m0s  3.00 iters/s

running (2m06.0s), 00/02 VUs, 378 complete and 0 interrupted iterations
mid    [  42% ] 00/02 VUs  2m06.0s/5m0s  3.00 iters/s

running (2m07.0s), 01/02 VUs, 381 complete and 0 interrupted iterations
mid    [  42% ] 01/02 VUs  2m07.0s/5m0s  3.00 iters/s

running (2m08.0s), 00/02 VUs, 384 complete and 0 interrupted iterations
mid    [  43% ] 00/02 VUs  2m08.0s/5m0s  3.00 iters/s

running (2m09.0s), 01/02 VUs, 387 complete and 0 interrupted iterations
mid    [  43% ] 01/02 VUs  2m09.0s/5m0s  3.00 iters/s

running (2m10.0s), 00/02 VUs, 390 complete and 0 interrupted iterations
mid    [  43% ] 00/02 VUs  2m10.0s/5m0s  3.00 iters/s

running (2m11.0s), 01/02 VUs, 393 complete and 0 interrupted iterations
mid    [  44% ] 01/02 VUs  2m11.0s/5m0s  3.00 iters/s

running (2m12.0s), 00/02 VUs, 396 complete and 0 interrupted iterations
mid    [  44% ] 01/02 VUs  2m12.0s/5m0s  3.00 iters/s

running (2m13.0s), 00/02 VUs, 399 complete and 0 interrupted iterations
mid    [  44% ] 00/02 VUs  2m13.0s/5m0s  3.00 iters/s

running (2m14.0s), 01/02 VUs, 402 complete and 0 interrupted iterations
mid    [  45% ] 01/02 VUs  2m14.0s/5m0s  3.00 iters/s

running (2m15.0s), 01/02 VUs, 405 complete and 0 interrupted iterations
mid    [  45% ] 01/02 VUs  2m15.0s/5m0s  3.00 iters/s

running (2m16.0s), 01/02 VUs, 408 complete and 0 interrupted iterations
mid    [  45% ] 01/02 VUs  2m16.0s/5m0s  3.00 iters/s

running (2m17.0s), 00/02 VUs, 411 complete and 0 interrupted iterations
mid    [  46% ] 00/02 VUs  2m17.0s/5m0s  3.00 iters/s

running (2m18.0s), 01/02 VUs, 414 complete and 0 interrupted iterations
mid    [  46% ] 01/02 VUs  2m18.0s/5m0s  3.00 iters/s

running (2m19.0s), 01/02 VUs, 417 complete and 0 interrupted iterations
mid    [  46% ] 01/02 VUs  2m19.0s/5m0s  3.00 iters/s

running (2m20.0s), 00/02 VUs, 420 complete and 0 interrupted iterations
mid    [  47% ] 01/02 VUs  2m20.0s/5m0s  3.00 iters/s

running (2m21.0s), 01/02 VUs, 423 complete and 0 interrupted iterations
mid    [  47% ] 01/02 VUs  2m21.0s/5m0s  3.00 iters/s

running (2m22.0s), 00/02 VUs, 426 complete and 0 interrupted iterations
mid    [  47% ] 00/02 VUs  2m22.0s/5m0s  3.00 iters/s

running (2m23.0s), 01/02 VUs, 429 complete and 0 interrupted iterations
mid    [  48% ] 01/02 VUs  2m23.0s/5m0s  3.00 iters/s

running (2m24.0s), 01/02 VUs, 432 complete and 0 interrupted iterations
mid    [  48% ] 01/02 VUs  2m24.0s/5m0s  3.00 iters/s

running (2m25.0s), 01/02 VUs, 435 complete and 0 interrupted iterations
mid    [  48% ] 01/02 VUs  2m25.0s/5m0s  3.00 iters/s

running (2m26.0s), 00/02 VUs, 438 complete and 0 interrupted iterations
mid    [  49% ] 01/02 VUs  2m26.0s/5m0s  3.00 iters/s

running (2m27.0s), 01/02 VUs, 441 complete and 0 interrupted iterations
mid    [  49% ] 01/02 VUs  2m27.0s/5m0s  3.00 iters/s

running (2m28.0s), 01/02 VUs, 444 complete and 0 interrupted iterations
mid    [  49% ] 01/02 VUs  2m28.0s/5m0s  3.00 iters/s

running (2m29.0s), 01/02 VUs, 447 complete and 0 interrupted iterations
mid    [  50% ] 01/02 VUs  2m29.0s/5m0s  3.00 iters/s

running (2m30.0s), 01/02 VUs, 450 complete and 0 interrupted iterations
mid    [  50% ] 01/02 VUs  2m30.0s/5m0s  3.00 iters/s

running (2m31.0s), 01/02 VUs, 453 complete and 0 interrupted iterations
mid    [  50% ] 01/02 VUs  2m31.0s/5m0s  3.00 iters/s

running (2m32.0s), 01/02 VUs, 456 complete and 0 interrupted iterations
mid    [  51% ] 01/02 VUs  2m32.0s/5m0s  3.00 iters/s

running (2m33.0s), 01/02 VUs, 459 complete and 0 interrupted iterations
mid    [  51% ] 01/02 VUs  2m33.0s/5m0s  3.00 iters/s

running (2m34.0s), 01/02 VUs, 462 complete and 0 interrupted iterations
mid    [  51% ] 01/02 VUs  2m34.0s/5m0s  3.00 iters/s

running (2m35.0s), 00/02 VUs, 465 complete and 0 interrupted iterations
mid    [  52% ] 01/02 VUs  2m35.0s/5m0s  3.00 iters/s

running (2m36.0s), 01/02 VUs, 468 complete and 0 interrupted iterations
mid    [  52% ] 01/02 VUs  2m36.0s/5m0s  3.00 iters/s

running (2m37.0s), 01/02 VUs, 471 complete and 0 interrupted iterations
mid    [  52% ] 01/02 VUs  2m37.0s/5m0s  3.00 iters/s

running (2m38.0s), 01/02 VUs, 474 complete and 0 interrupted iterations
mid    [  53% ] 01/02 VUs  2m38.0s/5m0s  3.00 iters/s

running (2m39.0s), 01/02 VUs, 477 complete and 0 interrupted iterations
mid    [  53% ] 01/02 VUs  2m39.0s/5m0s  3.00 iters/s

running (2m40.0s), 00/02 VUs, 480 complete and 0 interrupted iterations
mid    [  53% ] 01/02 VUs  2m40.0s/5m0s  3.00 iters/s

running (2m41.0s), 01/02 VUs, 483 complete and 0 interrupted iterations
mid    [  54% ] 01/02 VUs  2m41.0s/5m0s  3.00 iters/s

running (2m42.0s), 01/02 VUs, 486 complete and 0 interrupted iterations
mid    [  54% ] 01/02 VUs  2m42.0s/5m0s  3.00 iters/s

running (2m43.0s), 00/02 VUs, 489 complete and 0 interrupted iterations
mid    [  54% ] 01/02 VUs  2m43.0s/5m0s  3.00 iters/s

running (2m44.0s), 00/02 VUs, 492 complete and 0 interrupted iterations
mid    [  55% ] 00/02 VUs  2m44.0s/5m0s  3.00 iters/s

running (2m45.0s), 01/02 VUs, 495 complete and 0 interrupted iterations
mid    [  55% ] 01/02 VUs  2m45.0s/5m0s  3.00 iters/s

running (2m46.0s), 01/02 VUs, 498 complete and 0 interrupted iterations
mid    [  55% ] 01/02 VUs  2m46.0s/5m0s  3.00 iters/s

running (2m47.0s), 01/02 VUs, 501 complete and 0 interrupted iterations
mid    [  56% ] 01/02 VUs  2m47.0s/5m0s  3.00 iters/s

running (2m48.0s), 01/02 VUs, 504 complete and 0 interrupted iterations
mid    [  56% ] 01/02 VUs  2m48.0s/5m0s  3.00 iters/s

running (2m49.0s), 01/02 VUs, 507 complete and 0 interrupted iterations
mid    [  56% ] 01/02 VUs  2m49.0s/5m0s  3.00 iters/s

running (2m50.0s), 01/02 VUs, 510 complete and 0 interrupted iterations
mid    [  57% ] 01/02 VUs  2m50.0s/5m0s  3.00 iters/s

running (2m51.0s), 01/02 VUs, 513 complete and 0 interrupted iterations
mid    [  57% ] 01/02 VUs  2m51.0s/5m0s  3.00 iters/s

running (2m52.0s), 01/02 VUs, 516 complete and 0 interrupted iterations
mid    [  57% ] 01/02 VUs  2m52.0s/5m0s  3.00 iters/s

running (2m53.0s), 01/02 VUs, 519 complete and 0 interrupted iterations
mid    [  58% ] 01/02 VUs  2m53.0s/5m0s  3.00 iters/s

running (2m54.0s), 00/02 VUs, 522 complete and 0 interrupted iterations
mid    [  58% ] 00/02 VUs  2m54.0s/5m0s  3.00 iters/s

running (2m55.0s), 00/02 VUs, 525 complete and 0 interrupted iterations
mid    [  58% ] 00/02 VUs  2m55.0s/5m0s  3.00 iters/s

running (2m56.0s), 01/02 VUs, 528 complete and 0 interrupted iterations
mid    [  59% ] 01/02 VUs  2m56.0s/5m0s  3.00 iters/s

running (2m57.0s), 01/02 VUs, 531 complete and 0 interrupted iterations
mid    [  59% ] 01/02 VUs  2m57.0s/5m0s  3.00 iters/s

running (2m58.0s), 01/02 VUs, 534 complete and 0 interrupted iterations
mid    [  59% ] 01/02 VUs  2m58.0s/5m0s  3.00 iters/s

running (2m59.0s), 01/02 VUs, 537 complete and 0 interrupted iterations
mid    [  60% ] 01/02 VUs  2m59.0s/5m0s  3.00 iters/s

running (3m00.0s), 01/02 VUs, 540 complete and 0 interrupted iterations
mid    [  60% ] 01/02 VUs  3m00.0s/5m0s  3.00 iters/s

running (3m01.0s), 01/02 VUs, 543 complete and 0 interrupted iterations
mid    [  60% ] 01/02 VUs  3m01.0s/5m0s  3.00 iters/s

running (3m02.0s), 00/02 VUs, 546 complete and 0 interrupted iterations
mid    [  61% ] 00/02 VUs  3m02.0s/5m0s  3.00 iters/s

running (3m03.0s), 00/02 VUs, 549 complete and 0 interrupted iterations
mid    [  61% ] 00/02 VUs  3m03.0s/5m0s  3.00 iters/s

running (3m04.0s), 01/02 VUs, 552 complete and 0 interrupted iterations
mid    [  61% ] 01/02 VUs  3m04.0s/5m0s  3.00 iters/s

running (3m05.0s), 01/02 VUs, 555 complete and 0 interrupted iterations
mid    [  62% ] 01/02 VUs  3m05.0s/5m0s  3.00 iters/s

running (3m06.0s), 01/02 VUs, 558 complete and 0 interrupted iterations
mid    [  62% ] 01/02 VUs  3m06.0s/5m0s  3.00 iters/s

running (3m07.0s), 01/02 VUs, 561 complete and 0 interrupted iterations
mid    [  62% ] 01/02 VUs  3m07.0s/5m0s  3.00 iters/s

running (3m08.0s), 01/02 VUs, 564 complete and 0 interrupted iterations
mid    [  63% ] 01/02 VUs  3m08.0s/5m0s  3.00 iters/s

running (3m09.0s), 00/02 VUs, 567 complete and 0 interrupted iterations
mid    [  63% ] 00/02 VUs  3m09.0s/5m0s  3.00 iters/s

running (3m10.0s), 01/02 VUs, 570 complete and 0 interrupted iterations
mid    [  63% ] 01/02 VUs  3m10.0s/5m0s  3.00 iters/s

running (3m11.0s), 00/02 VUs, 573 complete and 0 interrupted iterations
mid    [  64% ] 00/02 VUs  3m11.0s/5m0s  3.00 iters/s

running (3m12.0s), 01/02 VUs, 576 complete and 0 interrupted iterations
mid    [  64% ] 01/02 VUs  3m12.0s/5m0s  3.00 iters/s

running (3m13.0s), 01/02 VUs, 579 complete and 0 interrupted iterations
mid    [  64% ] 01/02 VUs  3m13.0s/5m0s  3.00 iters/s

running (3m14.0s), 01/02 VUs, 582 complete and 0 interrupted iterations
mid    [  65% ] 01/02 VUs  3m14.0s/5m0s  3.00 iters/s

running (3m15.0s), 01/02 VUs, 585 complete and 0 interrupted iterations
mid    [  65% ] 01/02 VUs  3m15.0s/5m0s  3.00 iters/s

running (3m16.0s), 00/02 VUs, 588 complete and 0 interrupted iterations
mid    [  65% ] 00/02 VUs  3m16.0s/5m0s  3.00 iters/s

running (3m17.0s), 00/02 VUs, 591 complete and 0 interrupted iterations
mid    [  66% ] 01/02 VUs  3m17.0s/5m0s  3.00 iters/s

running (3m18.0s), 01/02 VUs, 594 complete and 0 interrupted iterations
mid    [  66% ] 01/02 VUs  3m18.0s/5m0s  3.00 iters/s

running (3m19.0s), 00/02 VUs, 597 complete and 0 interrupted iterations
mid    [  66% ] 00/02 VUs  3m19.0s/5m0s  3.00 iters/s

running (3m20.0s), 01/02 VUs, 600 complete and 0 interrupted iterations
mid    [  67% ] 01/02 VUs  3m20.0s/5m0s  3.00 iters/s

running (3m21.0s), 01/02 VUs, 603 complete and 0 interrupted iterations
mid    [  67% ] 01/02 VUs  3m21.0s/5m0s  3.00 iters/s

running (3m22.0s), 00/02 VUs, 606 complete and 0 interrupted iterations
mid    [  67% ] 00/02 VUs  3m22.0s/5m0s  3.00 iters/s

running (3m23.0s), 01/02 VUs, 609 complete and 0 interrupted iterations
mid    [  68% ] 01/02 VUs  3m23.0s/5m0s  3.00 iters/s

running (3m24.0s), 00/02 VUs, 612 complete and 0 interrupted iterations
mid    [  68% ] 01/02 VUs  3m24.0s/5m0s  3.00 iters/s

running (3m25.0s), 01/02 VUs, 615 complete and 0 interrupted iterations
mid    [  68% ] 01/02 VUs  3m25.0s/5m0s  3.00 iters/s

running (3m26.0s), 01/02 VUs, 618 complete and 0 interrupted iterations
mid    [  69% ] 01/02 VUs  3m26.0s/5m0s  3.00 iters/s

running (3m27.0s), 01/02 VUs, 621 complete and 0 interrupted iterations
mid    [  69% ] 01/02 VUs  3m27.0s/5m0s  3.00 iters/s

running (3m28.0s), 01/02 VUs, 624 complete and 0 interrupted iterations
mid    [  69% ] 01/02 VUs  3m28.0s/5m0s  3.00 iters/s

running (3m29.0s), 01/02 VUs, 627 complete and 0 interrupted iterations
mid    [  70% ] 01/02 VUs  3m29.0s/5m0s  3.00 iters/s

running (3m30.0s), 01/02 VUs, 630 complete and 0 interrupted iterations
mid    [  70% ] 01/02 VUs  3m30.0s/5m0s  3.00 iters/s

running (3m31.0s), 00/02 VUs, 633 complete and 0 interrupted iterations
mid    [  70% ] 00/02 VUs  3m31.0s/5m0s  3.00 iters/s

running (3m32.0s), 00/02 VUs, 636 complete and 0 interrupted iterations
mid    [  71% ] 00/02 VUs  3m32.0s/5m0s  3.00 iters/s

running (3m33.0s), 01/02 VUs, 639 complete and 0 interrupted iterations
mid    [  71% ] 01/02 VUs  3m33.0s/5m0s  3.00 iters/s

running (3m34.0s), 01/02 VUs, 642 complete and 0 interrupted iterations
mid    [  71% ] 01/02 VUs  3m34.0s/5m0s  3.00 iters/s

running (3m35.0s), 01/02 VUs, 645 complete and 0 interrupted iterations
mid    [  72% ] 01/02 VUs  3m35.0s/5m0s  3.00 iters/s

running (3m36.0s), 01/02 VUs, 648 complete and 0 interrupted iterations
mid    [  72% ] 01/02 VUs  3m36.0s/5m0s  3.00 iters/s

running (3m37.0s), 01/02 VUs, 651 complete and 0 interrupted iterations
mid    [  72% ] 01/02 VUs  3m37.0s/5m0s  3.00 iters/s

running (3m38.0s), 01/02 VUs, 654 complete and 0 interrupted iterations
mid    [  73% ] 01/02 VUs  3m38.0s/5m0s  3.00 iters/s

running (3m39.0s), 01/02 VUs, 657 complete and 0 interrupted iterations
mid    [  73% ] 01/02 VUs  3m39.0s/5m0s  3.00 iters/s

running (3m40.0s), 01/02 VUs, 660 complete and 0 interrupted iterations
mid    [  73% ] 01/02 VUs  3m40.0s/5m0s  3.00 iters/s

running (3m41.0s), 00/02 VUs, 663 complete and 0 interrupted iterations
mid    [  74% ] 00/02 VUs  3m41.0s/5m0s  3.00 iters/s

running (3m42.0s), 01/02 VUs, 666 complete and 0 interrupted iterations
mid    [  74% ] 01/02 VUs  3m42.0s/5m0s  3.00 iters/s

running (3m43.0s), 01/02 VUs, 669 complete and 0 interrupted iterations
mid    [  74% ] 01/02 VUs  3m43.0s/5m0s  3.00 iters/s

running (3m44.0s), 01/02 VUs, 672 complete and 0 interrupted iterations
mid    [  75% ] 01/02 VUs  3m44.0s/5m0s  3.00 iters/s

running (3m45.0s), 01/02 VUs, 675 complete and 0 interrupted iterations
mid    [  75% ] 01/02 VUs  3m45.0s/5m0s  3.00 iters/s

running (3m46.0s), 00/02 VUs, 678 complete and 0 interrupted iterations
mid    [  75% ] 00/02 VUs  3m46.0s/5m0s  3.00 iters/s

running (3m47.0s), 00/02 VUs, 681 complete and 0 interrupted iterations
mid    [  76% ] 00/02 VUs  3m47.0s/5m0s  3.00 iters/s

running (3m48.0s), 01/02 VUs, 684 complete and 0 interrupted iterations
mid    [  76% ] 01/02 VUs  3m48.0s/5m0s  3.00 iters/s

running (3m49.0s), 01/02 VUs, 687 complete and 0 interrupted iterations
mid    [  76% ] 01/02 VUs  3m49.0s/5m0s  3.00 iters/s

running (3m50.0s), 00/02 VUs, 690 complete and 0 interrupted iterations
mid    [  77% ] 00/02 VUs  3m50.0s/5m0s  3.00 iters/s

running (3m51.0s), 01/02 VUs, 693 complete and 0 interrupted iterations
mid    [  77% ] 01/02 VUs  3m51.0s/5m0s  3.00 iters/s

running (3m52.0s), 01/02 VUs, 696 complete and 0 interrupted iterations
mid    [  77% ] 01/02 VUs  3m52.0s/5m0s  3.00 iters/s

running (3m53.0s), 01/02 VUs, 699 complete and 0 interrupted iterations
mid    [  78% ] 01/02 VUs  3m53.0s/5m0s  3.00 iters/s

running (3m54.0s), 01/02 VUs, 702 complete and 0 interrupted iterations
mid    [  78% ] 01/02 VUs  3m54.0s/5m0s  3.00 iters/s

running (3m55.0s), 00/02 VUs, 705 complete and 0 interrupted iterations
mid    [  78% ] 00/02 VUs  3m55.0s/5m0s  3.00 iters/s

running (3m56.0s), 00/02 VUs, 708 complete and 0 interrupted iterations
mid    [  79% ] 01/02 VUs  3m56.0s/5m0s  3.00 iters/s

running (3m57.0s), 00/02 VUs, 711 complete and 0 interrupted iterations
mid    [  79% ] 00/02 VUs  3m57.0s/5m0s  3.00 iters/s

running (3m58.0s), 00/02 VUs, 714 complete and 0 interrupted iterations
mid    [  79% ] 00/02 VUs  3m58.0s/5m0s  3.00 iters/s

running (3m59.0s), 01/02 VUs, 717 complete and 0 interrupted iterations
mid    [  80% ] 01/02 VUs  3m59.0s/5m0s  3.00 iters/s

running (4m00.0s), 01/02 VUs, 720 complete and 0 interrupted iterations
mid    [  80% ] 01/02 VUs  4m00.0s/5m0s  3.00 iters/s

running (4m01.0s), 01/02 VUs, 723 complete and 0 interrupted iterations
mid    [  80% ] 01/02 VUs  4m01.0s/5m0s  3.00 iters/s

running (4m02.0s), 00/02 VUs, 726 complete and 0 interrupted iterations
mid    [  81% ] 01/02 VUs  4m02.0s/5m0s  3.00 iters/s

running (4m03.0s), 01/02 VUs, 729 complete and 0 interrupted iterations
mid    [  81% ] 01/02 VUs  4m03.0s/5m0s  3.00 iters/s

running (4m04.0s), 01/02 VUs, 732 complete and 0 interrupted iterations
mid    [  81% ] 01/02 VUs  4m04.0s/5m0s  3.00 iters/s

running (4m05.0s), 00/02 VUs, 735 complete and 0 interrupted iterations
mid    [  82% ] 00/02 VUs  4m05.0s/5m0s  3.00 iters/s

running (4m06.0s), 00/02 VUs, 738 complete and 0 interrupted iterations
mid    [  82% ] 00/02 VUs  4m06.0s/5m0s  3.00 iters/s

running (4m07.0s), 00/02 VUs, 741 complete and 0 interrupted iterations
mid    [  82% ] 00/02 VUs  4m07.0s/5m0s  3.00 iters/s

running (4m08.0s), 00/02 VUs, 744 complete and 0 interrupted iterations
mid    [  83% ] 00/02 VUs  4m08.0s/5m0s  3.00 iters/s

running (4m09.0s), 01/02 VUs, 747 complete and 0 interrupted iterations
mid    [  83% ] 01/02 VUs  4m09.0s/5m0s  3.00 iters/s

running (4m10.0s), 01/02 VUs, 750 complete and 0 interrupted iterations
mid    [  83% ] 01/02 VUs  4m10.0s/5m0s  3.00 iters/s

running (4m11.0s), 01/02 VUs, 753 complete and 0 interrupted iterations
mid    [  84% ] 01/02 VUs  4m11.0s/5m0s  3.00 iters/s

running (4m12.0s), 00/02 VUs, 756 complete and 0 interrupted iterations
mid    [  84% ] 00/02 VUs  4m12.0s/5m0s  3.00 iters/s

running (4m13.0s), 01/02 VUs, 759 complete and 0 interrupted iterations
mid    [  84% ] 01/02 VUs  4m13.0s/5m0s  3.00 iters/s

running (4m14.0s), 00/02 VUs, 762 complete and 0 interrupted iterations
mid    [  85% ] 00/02 VUs  4m14.0s/5m0s  3.00 iters/s

running (4m15.0s), 00/02 VUs, 765 complete and 0 interrupted iterations
mid    [  85% ] 01/02 VUs  4m15.0s/5m0s  3.00 iters/s

running (4m16.0s), 01/02 VUs, 768 complete and 0 interrupted iterations
mid    [  85% ] 01/02 VUs  4m16.0s/5m0s  3.00 iters/s

running (4m17.0s), 01/02 VUs, 771 complete and 0 interrupted iterations
mid    [  86% ] 01/02 VUs  4m17.0s/5m0s  3.00 iters/s

running (4m18.0s), 01/02 VUs, 774 complete and 0 interrupted iterations
mid    [  86% ] 01/02 VUs  4m18.0s/5m0s  3.00 iters/s

running (4m19.0s), 01/02 VUs, 777 complete and 0 interrupted iterations
mid    [  86% ] 01/02 VUs  4m19.0s/5m0s  3.00 iters/s

running (4m20.0s), 00/02 VUs, 780 complete and 0 interrupted iterations
mid    [  87% ] 00/02 VUs  4m20.0s/5m0s  3.00 iters/s

running (4m21.0s), 00/02 VUs, 783 complete and 0 interrupted iterations
mid    [  87% ] 00/02 VUs  4m21.0s/5m0s  3.00 iters/s

running (4m22.0s), 00/02 VUs, 786 complete and 0 interrupted iterations
mid    [  87% ] 00/02 VUs  4m22.0s/5m0s  3.00 iters/s

running (4m23.0s), 00/02 VUs, 789 complete and 0 interrupted iterations
mid    [  88% ] 00/02 VUs  4m23.0s/5m0s  3.00 iters/s

running (4m24.0s), 00/02 VUs, 792 complete and 0 interrupted iterations
mid    [  88% ] 00/02 VUs  4m24.0s/5m0s  3.00 iters/s

running (4m25.0s), 00/02 VUs, 795 complete and 0 interrupted iterations
mid    [  88% ] 00/02 VUs  4m25.0s/5m0s  3.00 iters/s

running (4m26.0s), 00/02 VUs, 798 complete and 0 interrupted iterations
mid    [  89% ] 00/02 VUs  4m26.0s/5m0s  3.00 iters/s

running (4m27.0s), 01/02 VUs, 801 complete and 0 interrupted iterations
mid    [  89% ] 01/02 VUs  4m27.0s/5m0s  3.00 iters/s

running (4m28.0s), 01/02 VUs, 804 complete and 0 interrupted iterations
mid    [  89% ] 01/02 VUs  4m28.0s/5m0s  3.00 iters/s

running (4m29.0s), 00/02 VUs, 807 complete and 0 interrupted iterations
mid    [  90% ] 00/02 VUs  4m29.0s/5m0s  3.00 iters/s

running (4m30.0s), 00/02 VUs, 810 complete and 0 interrupted iterations
mid    [  90% ] 01/02 VUs  4m30.0s/5m0s  3.00 iters/s

running (4m31.0s), 00/02 VUs, 813 complete and 0 interrupted iterations
mid    [  90% ] 00/02 VUs  4m31.0s/5m0s  3.00 iters/s

running (4m32.0s), 01/02 VUs, 816 complete and 0 interrupted iterations
mid    [  91% ] 01/02 VUs  4m32.0s/5m0s  3.00 iters/s

running (4m33.0s), 00/02 VUs, 819 complete and 0 interrupted iterations
mid    [  91% ] 01/02 VUs  4m33.0s/5m0s  3.00 iters/s

running (4m34.0s), 00/02 VUs, 822 complete and 0 interrupted iterations
mid    [  91% ] 00/02 VUs  4m34.0s/5m0s  3.00 iters/s

running (4m35.0s), 00/02 VUs, 825 complete and 0 interrupted iterations
mid    [  92% ] 00/02 VUs  4m35.0s/5m0s  3.00 iters/s

running (4m36.0s), 01/02 VUs, 828 complete and 0 interrupted iterations
mid    [  92% ] 01/02 VUs  4m36.0s/5m0s  3.00 iters/s

running (4m37.0s), 01/02 VUs, 831 complete and 0 interrupted iterations
mid    [  92% ] 01/02 VUs  4m37.0s/5m0s  3.00 iters/s

running (4m38.0s), 00/02 VUs, 834 complete and 0 interrupted iterations
mid    [  93% ] 00/02 VUs  4m38.0s/5m0s  3.00 iters/s

running (4m39.0s), 01/02 VUs, 837 complete and 0 interrupted iterations
mid    [  93% ] 01/02 VUs  4m39.0s/5m0s  3.00 iters/s

running (4m40.0s), 01/02 VUs, 840 complete and 0 interrupted iterations
mid    [  93% ] 01/02 VUs  4m40.0s/5m0s  3.00 iters/s

running (4m41.0s), 01/02 VUs, 843 complete and 0 interrupted iterations
mid    [  94% ] 01/02 VUs  4m41.0s/5m0s  3.00 iters/s

running (4m42.0s), 00/02 VUs, 846 complete and 0 interrupted iterations
mid    [  94% ] 00/02 VUs  4m42.0s/5m0s  3.00 iters/s

running (4m43.0s), 00/02 VUs, 849 complete and 0 interrupted iterations
mid    [  94% ] 00/02 VUs  4m43.0s/5m0s  3.00 iters/s

running (4m44.0s), 01/02 VUs, 852 complete and 0 interrupted iterations
mid    [  95% ] 01/02 VUs  4m44.0s/5m0s  3.00 iters/s

running (4m45.0s), 01/02 VUs, 855 complete and 0 interrupted iterations
mid    [  95% ] 01/02 VUs  4m45.0s/5m0s  3.00 iters/s

running (4m46.0s), 00/02 VUs, 858 complete and 0 interrupted iterations
mid    [  95% ] 00/02 VUs  4m46.0s/5m0s  3.00 iters/s

running (4m47.0s), 01/02 VUs, 861 complete and 0 interrupted iterations
mid    [  96% ] 01/02 VUs  4m47.0s/5m0s  3.00 iters/s

running (4m48.0s), 01/02 VUs, 864 complete and 0 interrupted iterations
mid    [  96% ] 01/02 VUs  4m48.0s/5m0s  3.00 iters/s

running (4m49.0s), 01/02 VUs, 867 complete and 0 interrupted iterations
mid    [  96% ] 01/02 VUs  4m49.0s/5m0s  3.00 iters/s

running (4m50.0s), 01/02 VUs, 870 complete and 0 interrupted iterations
mid    [  97% ] 01/02 VUs  4m50.0s/5m0s  3.00 iters/s

running (4m51.0s), 00/02 VUs, 873 complete and 0 interrupted iterations
mid    [  97% ] 00/02 VUs  4m51.0s/5m0s  3.00 iters/s

running (4m52.0s), 01/02 VUs, 876 complete and 0 interrupted iterations
mid    [  97% ] 01/02 VUs  4m52.0s/5m0s  3.00 iters/s

running (4m53.0s), 00/02 VUs, 879 complete and 0 interrupted iterations
mid    [  98% ] 00/02 VUs  4m53.0s/5m0s  3.00 iters/s

running (4m54.0s), 00/02 VUs, 882 complete and 0 interrupted iterations
mid    [  98% ] 00/02 VUs  4m54.0s/5m0s  3.00 iters/s

running (4m55.0s), 01/02 VUs, 885 complete and 0 interrupted iterations
mid    [  98% ] 01/02 VUs  4m55.0s/5m0s  3.00 iters/s

running (4m56.0s), 01/02 VUs, 888 complete and 0 interrupted iterations
mid    [  99% ] 01/02 VUs  4m56.0s/5m0s  3.00 iters/s

running (4m57.0s), 01/02 VUs, 891 complete and 0 interrupted iterations
mid    [  99% ] 01/02 VUs  4m57.0s/5m0s  3.00 iters/s

running (4m58.0s), 01/02 VUs, 894 complete and 0 interrupted iterations
mid    [  99% ] 01/02 VUs  4m58.0s/5m0s  3.00 iters/s

running (4m59.0s), 00/02 VUs, 897 complete and 0 interrupted iterations
mid    [ 100% ] 01/02 VUs  4m59.0s/5m0s  3.00 iters/s

running (5m00.0s), 00/02 VUs, 900 complete and 0 interrupted iterations
mid    [ 100% ] 00/02 VUs  5m0s  3.00 iters/s
     ✓ status 201 or 200
     ✓ no 5xx

     checks.........................: 100.00% ✓ 1802     ✗ 0
     data_received..................: 697 kB  2.3 kB/s
     data_sent......................: 610 kB  2.0 kB/s
     http_req_blocked...............: avg=9.83µs   min=2µs      med=10µs     max=441µs    p(90)=12µs     p(95)=13µs
     http_req_connecting............: avg=621ns    min=0s       med=0s       max=344µs    p(90)=0s       p(95)=0s
   ✓ http_req_duration..............: avg=140.79ms min=133.01ms med=136.25ms max=612.87ms p(90)=147.1ms  p(95)=154.68ms
       { expected_response:true }...: avg=140.79ms min=133.01ms med=136.25ms max=612.87ms p(90)=147.1ms  p(95)=154.68ms
   ✓ http_req_failed................: 0.00%   ✓ 0        ✗ 901
     http_req_receiving.............: avg=98.35µs  min=28µs     med=94µs     max=1.45ms   p(90)=141µs    p(95)=173µs
     http_req_sending...............: avg=35.47µs  min=10µs     med=37µs     max=118µs    p(90)=46µs     p(95)=49µs
     http_req_tls_handshaking.......: avg=0s       min=0s       med=0s       max=0s       p(90)=0s       p(95)=0s
     http_req_waiting...............: avg=140.66ms min=132.95ms med=136.14ms max=612.69ms p(90)=146.93ms p(95)=154.55ms
     http_reqs......................: 901     3.001951/s
     iteration_duration.............: avg=141.27ms min=133.26ms med=136.73ms max=613.48ms p(90)=147.66ms p(95)=155.06ms
     iterations.....................: 901     3.001951/s
     latency_long...................: avg=139.73ms min=134.36ms med=136.79ms max=153.58ms p(90)=147.02ms p(95)=150.3ms
     latency_medium.................: avg=142.73ms min=133.01ms med=136.37ms max=612.87ms p(90)=147.75ms p(95)=155.55ms
     latency_short..................: avg=139.2ms  min=133.26ms med=136.12ms max=262.77ms p(90)=146.57ms p(95)=154.09ms
     vus............................: 0       min=0      max=2
     vus_max........................: 2       min=2      max=2
{"scenario":"hub-enrichment/mid","duration_ms":300138.168,"http_reqs":901,"http_req_failed_rate":0,"http_req_duration":{"p50":136.257,"p95":154.689,"p99":null,"avg":140.79423529411773},"checks":{"passes":1802,"fails":0},"by_length":{},"result":"PASS","failures":[]}

running (5m00.1s), 00/02 VUs, 901 complete and 0 interrupted iterations
mid  ✓ [ 100% ] 00/02 VUs  5m0s  3.00 iters/s
