== k6 scenario=hub-search profile=warm ==

         /\      Grafana   /‾‾/
    /\  /  \     |\  __   /  /
   /  \/    \    | |/ /  /   ‾‾\
  /          \   |   (  |  (‾)  |
 / __________ \  |_|\_\  \_____/


     execution: local
        script: scripts/embeddings/k6/hub-search.js
        output: -

     scenarios: (100.00%) 1 scenario, 20 max VUs, 5m30s max duration (incl. graceful stop):
              * warm: 2.00 iterations/s for 5m0s (maxVUs: 5-20, gracefulStop: 30s)


running (0m01.0s), 02/05 VUs, 0 complete and 0 interrupted iterations
warm   [   0% ] 02/05 VUs  0m01.0s/5m0s  2.00 iters/s

running (0m02.0s), 04/05 VUs, 0 complete and 0 interrupted iterations
warm   [   1% ] 04/05 VUs  0m02.0s/5m0s  2.00 iters/s

running (0m03.0s), 05/06 VUs, 0 complete and 0 interrupted iterations
warm   [   1% ] 05/06 VUs  0m03.0s/5m0s  2.00 iters/s

running (0m04.0s), 06/07 VUs, 0 complete and 0 interrupted iterations
warm   [   1% ] 06/07 VUs  0m04.0s/5m0s  2.00 iters/s

running (0m05.0s), 07/08 VUs, 0 complete and 0 interrupted iterations
warm   [   2% ] 07/08 VUs  0m05.0s/5m0s  2.00 iters/s

running (0m06.0s), 08/09 VUs, 0 complete and 0 interrupted iterations
warm   [   2% ] 08/09 VUs  0m06.0s/5m0s  2.00 iters/s

running (0m07.0s), 09/10 VUs, 0 complete and 0 interrupted iterations
warm   [   2% ] 09/10 VUs  0m07.0s/5m0s  2.00 iters/s

running (0m08.0s), 10/11 VUs, 0 complete and 0 interrupted iterations
warm   [   3% ] 10/11 VUs  0m08.0s/5m0s  2.00 iters/s

running (0m09.0s), 11/12 VUs, 0 complete and 0 interrupted iterations
warm   [   3% ] 11/12 VUs  0m09.0s/5m0s  2.00 iters/s

running (0m10.0s), 12/13 VUs, 0 complete and 0 interrupted iterations
warm   [   3% ] 12/13 VUs  0m10.0s/5m0s  2.00 iters/s

running (0m11.0s), 13/14 VUs, 0 complete and 0 interrupted iterations
warm   [   4% ] 13/14 VUs  0m11.0s/5m0s  2.00 iters/s

running (0m12.0s), 14/15 VUs, 0 complete and 0 interrupted iterations
warm   [   4% ] 14/15 VUs  0m12.0s/5m0s  2.00 iters/s

running (0m13.0s), 13/15 VUs, 3 complete and 0 interrupted iterations
warm   [   4% ] 13/15 VUs  0m13.0s/5m0s  2.00 iters/s

running (0m14.0s), 14/15 VUs, 4 complete and 0 interrupted iterations
warm   [   5% ] 14/15 VUs  0m14.0s/5m0s  2.00 iters/s

running (0m15.0s), 15/16 VUs, 4 complete and 0 interrupted iterations
warm   [   5% ] 15/16 VUs  0m15.0s/5m0s  2.00 iters/s

running (0m16.0s), 16/17 VUs, 4 complete and 0 interrupted iterations
warm   [   5% ] 16/17 VUs  0m16.0s/5m0s  2.00 iters/s

running (0m17.0s), 17/18 VUs, 4 complete and 0 interrupted iterations
warm   [   6% ] 17/18 VUs  0m17.0s/5m0s  2.00 iters/s

running (0m18.0s), 18/19 VUs, 4 complete and 0 interrupted iterations
warm   [   6% ] 18/19 VUs  0m18.0s/5m0s  2.00 iters/s

running (0m19.0s), 19/20 VUs, 4 complete and 0 interrupted iterations
warm   [   6% ] 19/20 VUs  0m19.0s/5m0s  2.00 iters/s
time="2026-05-19T19:41:40+05:30" level=warning msg="Insufficient VUs, reached 20 active VUs and cannot initialize more" executor=constant-arrival-rate scenario=warm

running (0m20.0s), 20/20 VUs, 4 complete and 0 interrupted iterations
warm   [   7% ] 20/20 VUs  0m20.0s/5m0s  2.00 iters/s

running (0m21.0s), 19/20 VUs, 6 complete and 0 interrupted iterations
warm   [   7% ] 19/20 VUs  0m21.0s/5m0s  2.00 iters/s
time="2026-05-19T19:41:42+05:30" level=warning msg="Request Failed" error="Post \"http://127.0.0.1:18080/v1/feedback-records/search/semantic?limit=10&min_score=0.5\": EOF"
time="2026-05-19T19:41:42+05:30" level=warning msg="Request Failed" error="Post \"http://127.0.0.1:18080/v1/feedback-records/search/semantic?limit=10&min_score=0.5\": EOF"

running (0m22.0s), 19/20 VUs, 8 complete and 0 interrupted iterations
warm   [   7% ] 19/20 VUs  0m22.0s/5m0s  2.00 iters/s

running (0m23.0s), 20/20 VUs, 8 complete and 0 interrupted iterations
warm   [   8% ] 20/20 VUs  0m23.0s/5m0s  2.00 iters/s

running (0m24.0s), 20/20 VUs, 8 complete and 0 interrupted iterations
warm   [   8% ] 20/20 VUs  0m24.0s/5m0s  2.00 iters/s

running (0m25.0s), 20/20 VUs, 8 complete and 0 interrupted iterations
warm   [   8% ] 20/20 VUs  0m25.0s/5m0s  2.00 iters/s

running (0m26.0s), 20/20 VUs, 8 complete and 0 interrupted iterations
warm   [   9% ] 20/20 VUs  0m26.0s/5m0s  2.00 iters/s

running (0m27.0s), 20/20 VUs, 8 complete and 0 interrupted iterations
warm   [   9% ] 20/20 VUs  0m27.0s/5m0s  2.00 iters/s

running (0m28.0s), 20/20 VUs, 8 complete and 0 interrupted iterations
warm   [   9% ] 20/20 VUs  0m28.0s/5m0s  2.00 iters/s
time="2026-05-19T19:41:50+05:30" level=warning msg="Request Failed" error="Post \"http://127.0.0.1:18080/v1/feedback-records/search/semantic?limit=10&min_score=0.5\": EOF"
time="2026-05-19T19:41:50+05:30" level=warning msg="Request Failed" error="Post \"http://127.0.0.1:18080/v1/feedback-records/search/semantic?limit=10&min_score=0.5\": EOF"
time="2026-05-19T19:41:50+05:30" level=warning msg="Request Failed" error="Post \"http://127.0.0.1:18080/v1/feedback-records/search/semantic?limit=10&min_score=0.5\": EOF"

running (0m29.0s), 17/20 VUs, 11 complete and 0 interrupted iterations
warm   [  10% ] 17/20 VUs  0m29.0s/5m0s  2.00 iters/s

running (0m30.0s), 19/20 VUs, 11 complete and 0 interrupted iterations
warm   [  10% ] 19/20 VUs  0m30.0s/5m0s  2.00 iters/s

running (0m31.0s), 20/20 VUs, 11 complete and 0 interrupted iterations
warm   [  10% ] 20/20 VUs  0m31.0s/5m0s  2.00 iters/s

running (0m32.0s), 20/20 VUs, 11 complete and 0 interrupted iterations
warm   [  11% ] 20/20 VUs  0m32.0s/5m0s  2.00 iters/s

running (0m33.0s), 20/20 VUs, 11 complete and 0 interrupted iterations
warm   [  11% ] 20/20 VUs  0m33.0s/5m0s  2.00 iters/s

running (0m34.0s), 20/20 VUs, 11 complete and 0 interrupted iterations
warm   [  11% ] 20/20 VUs  0m34.0s/5m0s  2.00 iters/s
time="2026-05-19T19:41:55+05:30" level=warning msg="Request Failed" error="Post \"http://127.0.0.1:18080/v1/feedback-records/search/semantic?limit=10&min_score=0.5\": EOF"
time="2026-05-19T19:41:55+05:30" level=warning msg="Request Failed" error="Post \"http://127.0.0.1:18080/v1/feedback-records/search/semantic?limit=10&min_score=0.5\": EOF"
time="2026-05-19T19:41:55+05:30" level=warning msg="Request Failed" error="Post \"http://127.0.0.1:18080/v1/feedback-records/search/semantic?limit=10&min_score=0.5\": EOF"
time="2026-05-19T19:41:55+05:30" level=warning msg="Request Failed" error="Post \"http://127.0.0.1:18080/v1/feedback-records/search/semantic?limit=10&min_score=0.5\": EOF"
time="2026-05-19T19:41:55+05:30" level=warning msg="Request Failed" error="Post \"http://127.0.0.1:18080/v1/feedback-records/search/semantic?limit=10&min_score=0.5\": EOF"
time="2026-05-19T19:41:55+05:30" level=warning msg="Request Failed" error="Post \"http://127.0.0.1:18080/v1/feedback-records/search/semantic?limit=10&min_score=0.5\": EOF"

running (0m35.0s), 14/20 VUs, 18 complete and 0 interrupted iterations
warm   [  12% ] 14/20 VUs  0m35.0s/5m0s  2.00 iters/s

running (0m36.0s), 16/20 VUs, 18 complete and 0 interrupted iterations
warm   [  12% ] 16/20 VUs  0m36.0s/5m0s  2.00 iters/s

running (0m37.0s), 18/20 VUs, 18 complete and 0 interrupted iterations
warm   [  12% ] 18/20 VUs  0m37.0s/5m0s  2.00 iters/s

running (0m38.0s), 20/20 VUs, 18 complete and 0 interrupted iterations
warm   [  13% ] 20/20 VUs  0m38.0s/5m0s  2.00 iters/s

running (0m39.0s), 20/20 VUs, 18 complete and 0 interrupted iterations
warm   [  13% ] 20/20 VUs  0m39.0s/5m0s  2.00 iters/s

running (0m40.0s), 20/20 VUs, 18 complete and 0 interrupted iterations
warm   [  13% ] 20/20 VUs  0m40.0s/5m0s  2.00 iters/s

running (0m41.0s), 20/20 VUs, 18 complete and 0 interrupted iterations
warm   [  14% ] 20/20 VUs  0m41.0s/5m0s  2.00 iters/s

running (0m42.0s), 19/20 VUs, 20 complete and 0 interrupted iterations
warm   [  14% ] 19/20 VUs  0m42.0s/5m0s  2.00 iters/s
time="2026-05-19T19:42:03+05:30" level=warning msg="Request Failed" error="Post \"http://127.0.0.1:18080/v1/feedback-records/search/semantic?limit=10&min_score=0.5\": EOF"
time="2026-05-19T19:42:03+05:30" level=warning msg="Request Failed" error="Post \"http://127.0.0.1:18080/v1/feedback-records/search/semantic?limit=10&min_score=0.5\": EOF"

running (0m43.0s), 18/20 VUs, 23 complete and 0 interrupted iterations
warm   [  14% ] 18/20 VUs  0m43.0s/5m0s  2.00 iters/s

running (0m44.0s), 20/20 VUs, 23 complete and 0 interrupted iterations
warm   [  15% ] 20/20 VUs  0m44.0s/5m0s  2.00 iters/s

running (0m45.0s), 20/20 VUs, 23 complete and 0 interrupted iterations
warm   [  15% ] 20/20 VUs  0m45.0s/5m0s  2.00 iters/s

running (0m46.0s), 20/20 VUs, 23 complete and 0 interrupted iterations
warm   [  15% ] 20/20 VUs  0m46.0s/5m0s  2.00 iters/s

running (0m47.0s), 20/20 VUs, 23 complete and 0 interrupted iterations
warm   [  16% ] 20/20 VUs  0m47.0s/5m0s  2.00 iters/s

running (0m48.0s), 18/20 VUs, 26 complete and 0 interrupted iterations
warm   [  16% ] 18/20 VUs  0m48.0s/5m0s  2.00 iters/s
time="2026-05-19T19:42:09+05:30" level=warning msg="Request Failed" error="Post \"http://127.0.0.1:18080/v1/feedback-records/search/semantic?limit=10&min_score=0.5\": EOF"
time="2026-05-19T19:42:09+05:30" level=warning msg="Request Failed" error="Post \"http://127.0.0.1:18080/v1/feedback-records/search/semantic?limit=10&min_score=0.5\": EOF"
time="2026-05-19T19:42:09+05:30" level=warning msg="Request Failed" error="Post \"http://127.0.0.1:18080/v1/feedback-records/search/semantic?limit=10&min_score=0.5\": EOF"
time="2026-05-19T19:42:09+05:30" level=warning msg="Request Failed" error="Post \"http://127.0.0.1:18080/v1/feedback-records/search/semantic?limit=10&min_score=0.5\": EOF"

running (0m49.0s), 15/20 VUs, 31 complete and 0 interrupted iterations
warm   [  16% ] 15/20 VUs  0m49.0s/5m0s  2.00 iters/s

running (0m50.0s), 17/20 VUs, 31 complete and 0 interrupted iterations
warm   [  17% ] 17/20 VUs  0m50.0s/5m0s  2.00 iters/s

running (0m51.0s), 17/20 VUs, 33 complete and 0 interrupted iterations
warm   [  17% ] 17/20 VUs  0m51.0s/5m0s  2.00 iters/s

running (0m52.0s), 19/20 VUs, 33 complete and 0 interrupted iterations
warm   [  17% ] 19/20 VUs  0m52.0s/5m0s  2.00 iters/s

running (0m53.0s), 20/20 VUs, 33 complete and 0 interrupted iterations
warm   [  18% ] 20/20 VUs  0m53.0s/5m0s  2.00 iters/s

running (0m54.0s), 20/20 VUs, 33 complete and 0 interrupted iterations
warm   [  18% ] 20/20 VUs  0m54.0s/5m0s  2.00 iters/s

running (0m55.0s), 20/20 VUs, 33 complete and 0 interrupted iterations
warm   [  18% ] 20/20 VUs  0m55.0s/5m0s  2.00 iters/s
time="2026-05-19T19:42:17+05:30" level=warning msg="Request Failed" error="Post \"http://127.0.0.1:18080/v1/feedback-records/search/semantic?limit=10&min_score=0.5\": EOF"
time="2026-05-19T19:42:17+05:30" level=warning msg="Request Failed" error="Post \"http://127.0.0.1:18080/v1/feedback-records/search/semantic?limit=10&min_score=0.5\": EOF"

running (0m56.0s), 18/20 VUs, 35 complete and 0 interrupted iterations
warm   [  19% ] 18/20 VUs  0m56.0s/5m0s  2.00 iters/s

running (0m57.0s), 19/20 VUs, 36 complete and 0 interrupted iterations
warm   [  19% ] 19/20 VUs  0m57.0s/5m0s  2.00 iters/s

running (0m58.0s), 20/20 VUs, 36 complete and 0 interrupted iterations
warm   [  19% ] 20/20 VUs  0m58.0s/5m0s  2.00 iters/s

running (0m59.0s), 20/20 VUs, 36 complete and 0 interrupted iterations
warm   [  20% ] 20/20 VUs  0m59.0s/5m0s  2.00 iters/s

running (1m00.0s), 20/20 VUs, 36 complete and 0 interrupted iterations
warm   [  20% ] 20/20 VUs  1m00.0s/5m0s  2.00 iters/s

running (1m01.0s), 20/20 VUs, 36 complete and 0 interrupted iterations
warm   [  20% ] 20/20 VUs  1m01.0s/5m0s  2.00 iters/s

running (1m02.0s), 17/20 VUs, 39 complete and 0 interrupted iterations
warm   [  21% ] 17/20 VUs  1m02.0s/5m0s  2.00 iters/s
time="2026-05-19T19:42:24+05:30" level=warning msg="Request Failed" error="Post \"http://127.0.0.1:18080/v1/feedback-records/search/semantic?limit=10&min_score=0.5\": EOF"
time="2026-05-19T19:42:24+05:30" level=warning msg="Request Failed" error="Post \"http://127.0.0.1:18080/v1/feedback-records/search/semantic?limit=10&min_score=0.5\": EOF"
time="2026-05-19T19:42:24+05:30" level=warning msg="Request Failed" error="Post \"http://127.0.0.1:18080/v1/feedback-records/search/semantic?limit=10&min_score=0.5\": EOF"
time="2026-05-19T19:42:24+05:30" level=warning msg="Request Failed" error="Post \"http://127.0.0.1:18080/v1/feedback-records/search/semantic?limit=10&min_score=0.5\": EOF"

running (1m03.0s), 14/20 VUs, 44 complete and 0 interrupted iterations
warm   [  21% ] 14/20 VUs  1m03.0s/5m0s  2.00 iters/s

running (1m04.0s), 15/20 VUs, 45 complete and 0 interrupted iterations
warm   [  21% ] 15/20 VUs  1m04.0s/5m0s  2.00 iters/s

running (1m05.0s), 16/20 VUs, 46 complete and 0 interrupted iterations
warm   [  22% ] 16/20 VUs  1m05.0s/5m0s  2.00 iters/s

running (1m06.0s), 17/20 VUs, 47 complete and 0 interrupted iterations
warm   [  22% ] 17/20 VUs  1m06.0s/5m0s  2.00 iters/s

running (1m07.0s), 19/20 VUs, 47 complete and 0 interrupted iterations
warm   [  22% ] 19/20 VUs  1m07.0s/5m0s  2.00 iters/s

running (1m08.0s), 20/20 VUs, 47 complete and 0 interrupted iterations
warm   [  23% ] 20/20 VUs  1m08.0s/5m0s  2.00 iters/s

running (1m09.0s), 20/20 VUs, 47 complete and 0 interrupted iterations
warm   [  23% ] 20/20 VUs  1m09.0s/5m0s  2.00 iters/s

running (1m10.0s), 18/20 VUs, 50 complete and 0 interrupted iterations
warm   [  23% ] 18/20 VUs  1m10.0s/5m0s  2.00 iters/s
time="2026-05-19T19:42:31+05:30" level=warning msg="Request Failed" error="Post \"http://127.0.0.1:18080/v1/feedback-records/search/semantic?limit=10&min_score=0.5\": EOF"
time="2026-05-19T19:42:31+05:30" level=warning msg="Request Failed" error="Post \"http://127.0.0.1:18080/v1/feedback-records/search/semantic?limit=10&min_score=0.5\": EOF"
time="2026-05-19T19:42:31+05:30" level=warning msg="Request Failed" error="Post \"http://127.0.0.1:18080/v1/feedback-records/search/semantic?limit=10&min_score=0.5\": EOF"
time="2026-05-19T19:42:31+05:30" level=warning msg="Request Failed" error="Post \"http://127.0.0.1:18080/v1/feedback-records/search/semantic?limit=10&min_score=0.5\": EOF"
time="2026-05-19T19:42:31+05:30" level=warning msg="Request Failed" error="Post \"http://127.0.0.1:18080/v1/feedback-records/search/semantic?limit=10&min_score=0.5\": EOF"
time="2026-05-19T19:42:31+05:30" level=warning msg="Request Failed" error="Post \"http://127.0.0.1:18080/v1/feedback-records/search/semantic?limit=10&min_score=0.5\": EOF"

running (1m11.0s), 13/20 VUs, 57 complete and 0 interrupted iterations
warm   [  24% ] 13/20 VUs  1m11.0s/5m0s  2.00 iters/s

running (1m12.0s), 14/20 VUs, 58 complete and 0 interrupted iterations
warm   [  24% ] 14/20 VUs  1m12.0s/5m0s  2.00 iters/s

running (1m13.0s), 15/20 VUs, 59 complete and 0 interrupted iterations
warm   [  24% ] 15/20 VUs  1m13.0s/5m0s  2.00 iters/s

running (1m14.0s), 16/20 VUs, 61 complete and 0 interrupted iterations
warm   [  25% ] 16/20 VUs  1m14.0s/5m0s  2.00 iters/s

running (1m15.0s), 16/20 VUs, 63 complete and 0 interrupted iterations
warm   [  25% ] 16/20 VUs  1m15.0s/5m0s  2.00 iters/s

running (1m16.0s), 16/20 VUs, 64 complete and 0 interrupted iterations
warm   [  25% ] 16/20 VUs  1m16.0s/5m0s  2.00 iters/s

running (1m17.0s), 16/20 VUs, 66 complete and 0 interrupted iterations
warm   [  26% ] 16/20 VUs  1m17.0s/5m0s  2.00 iters/s
time="2026-05-19T19:42:38+05:30" level=warning msg="Request Failed" error="Post \"http://127.0.0.1:18080/v1/feedback-records/search/semantic?limit=10&min_score=0.5\": EOF"
time="2026-05-19T19:42:38+05:30" level=warning msg="Request Failed" error="Post \"http://127.0.0.1:18080/v1/feedback-records/search/semantic?limit=10&min_score=0.5\": EOF"

running (1m18.0s), 15/20 VUs, 69 complete and 0 interrupted iterations
warm   [  26% ] 15/20 VUs  1m18.0s/5m0s  2.00 iters/s

running (1m19.0s), 17/20 VUs, 70 complete and 0 interrupted iterations
warm   [  26% ] 17/20 VUs  1m19.0s/5m0s  2.00 iters/s

running (1m20.0s), 16/20 VUs, 72 complete and 0 interrupted iterations
warm   [  27% ] 16/20 VUs  1m20.0s/5m0s  2.00 iters/s

running (1m21.0s), 18/20 VUs, 73 complete and 0 interrupted iterations
warm   [  27% ] 18/20 VUs  1m21.0s/5m0s  2.00 iters/s

running (1m22.0s), 18/20 VUs, 74 complete and 0 interrupted iterations
warm   [  27% ] 18/20 VUs  1m22.0s/5m0s  2.00 iters/s

running (1m23.0s), 18/20 VUs, 76 complete and 0 interrupted iterations
warm   [  28% ] 18/20 VUs  1m23.0s/5m0s  2.00 iters/s

running (1m24.0s), 17/20 VUs, 79 complete and 0 interrupted iterations
warm   [  28% ] 17/20 VUs  1m24.0s/5m0s  2.00 iters/s
time="2026-05-19T19:42:46+05:30" level=warning msg="Request Failed" error="Post \"http://127.0.0.1:18080/v1/feedback-records/search/semantic?limit=10&min_score=0.5\": EOF"
time="2026-05-19T19:42:46+05:30" level=warning msg="Request Failed" error="Post \"http://127.0.0.1:18080/v1/feedback-records/search/semantic?limit=10&min_score=0.5\": EOF"
time="2026-05-19T19:42:46+05:30" level=warning msg="Request Failed" error="Post \"http://127.0.0.1:18080/v1/feedback-records/search/semantic?limit=10&min_score=0.5\": EOF"
time="2026-05-19T19:42:46+05:30" level=warning msg="Request Failed" error="Post \"http://127.0.0.1:18080/v1/feedback-records/search/semantic?limit=10&min_score=0.5\": EOF"

running (1m25.0s), 13/20 VUs, 85 complete and 0 interrupted iterations
warm   [  28% ] 13/20 VUs  1m25.0s/5m0s  2.00 iters/s

running (1m26.0s), 15/20 VUs, 86 complete and 0 interrupted iterations
warm   [  29% ] 15/20 VUs  1m26.0s/5m0s  2.00 iters/s

running (1m27.0s), 16/20 VUs, 87 complete and 0 interrupted iterations
warm   [  29% ] 16/20 VUs  1m27.0s/5m0s  2.00 iters/s

running (1m28.0s), 17/20 VUs, 87 complete and 0 interrupted iterations
warm   [  29% ] 17/20 VUs  1m28.0s/5m0s  2.00 iters/s

running (1m29.0s), 18/20 VUs, 88 complete and 0 interrupted iterations
warm   [  30% ] 18/20 VUs  1m29.0s/5m0s  2.00 iters/s

running (1m30.0s), 20/20 VUs, 89 complete and 0 interrupted iterations
warm   [  30% ] 20/20 VUs  1m30.0s/5m0s  2.00 iters/s

running (1m31.0s), 19/20 VUs, 91 complete and 0 interrupted iterations
warm   [  30% ] 19/20 VUs  1m31.0s/5m0s  2.00 iters/s

running (1m32.0s), 20/20 VUs, 91 complete and 0 interrupted iterations
warm   [  31% ] 20/20 VUs  1m32.0s/5m0s  2.00 iters/s

running (1m33.0s), 20/20 VUs, 92 complete and 0 interrupted iterations
warm   [  31% ] 20/20 VUs  1m33.0s/5m0s  2.00 iters/s
time="2026-05-19T19:42:54+05:30" level=warning msg="Request Failed" error="Post \"http://127.0.0.1:18080/v1/feedback-records/search/semantic?limit=10&min_score=0.5\": EOF"
time="2026-05-19T19:42:54+05:30" level=warning msg="Request Failed" error="Post \"http://127.0.0.1:18080/v1/feedback-records/search/semantic?limit=10&min_score=0.5\": EOF"
time="2026-05-19T19:42:54+05:30" level=warning msg="Request Failed" error="Post \"http://127.0.0.1:18080/v1/feedback-records/search/semantic?limit=10&min_score=0.5\": EOF"

running (1m34.0s), 18/20 VUs, 95 complete and 0 interrupted iterations
warm   [  31% ] 18/20 VUs  1m34.0s/5m0s  2.00 iters/s

running (1m35.0s), 19/20 VUs, 97 complete and 0 interrupted iterations
warm   [  32% ] 19/20 VUs  1m35.0s/5m0s  2.00 iters/s

running (1m36.0s), 18/20 VUs, 99 complete and 0 interrupted iterations
warm   [  32% ] 18/20 VUs  1m36.0s/5m0s  2.00 iters/s

running (1m37.0s), 19/20 VUs, 100 complete and 0 interrupted iterations
warm   [  32% ] 19/20 VUs  1m37.0s/5m0s  2.00 iters/s

running (1m38.0s), 20/20 VUs, 102 complete and 0 interrupted iterations
warm   [  33% ] 20/20 VUs  1m38.0s/5m0s  2.00 iters/s

running (1m39.0s), 20/20 VUs, 102 complete and 0 interrupted iterations
warm   [  33% ] 20/20 VUs  1m39.0s/5m0s  2.00 iters/s

running (1m40.0s), 20/20 VUs, 102 complete and 0 interrupted iterations
warm   [  33% ] 20/20 VUs  1m40.0s/5m0s  2.00 iters/s

running (1m41.0s), 19/20 VUs, 104 complete and 0 interrupted iterations
warm   [  34% ] 19/20 VUs  1m41.0s/5m0s  2.00 iters/s
time="2026-05-19T19:43:02+05:30" level=warning msg="Request Failed" error="Post \"http://127.0.0.1:18080/v1/feedback-records/search/semantic?limit=10&min_score=0.5\": EOF"
time="2026-05-19T19:43:02+05:30" level=warning msg="Request Failed" error="Post \"http://127.0.0.1:18080/v1/feedback-records/search/semantic?limit=10&min_score=0.5\": EOF"
time="2026-05-19T19:43:02+05:30" level=warning msg="Request Failed" error="Post \"http://127.0.0.1:18080/v1/feedback-records/search/semantic?limit=10&min_score=0.5\": EOF"
time="2026-05-19T19:43:02+05:30" level=warning msg="Request Failed" error="Post \"http://127.0.0.1:18080/v1/feedback-records/search/semantic?limit=10&min_score=0.5\": EOF"

running (1m42.0s), 15/20 VUs, 109 complete and 0 interrupted iterations
warm   [  34% ] 15/20 VUs  1m42.0s/5m0s  2.00 iters/s

running (1m43.0s), 16/20 VUs, 111 complete and 0 interrupted iterations
warm   [  34% ] 16/20 VUs  1m43.0s/5m0s  2.00 iters/s

running (1m44.0s), 15/20 VUs, 113 complete and 0 interrupted iterations
warm   [  35% ] 15/20 VUs  1m44.0s/5m0s  2.00 iters/s

running (1m45.0s), 15/20 VUs, 115 complete and 0 interrupted iterations
warm   [  35% ] 15/20 VUs  1m45.0s/5m0s  2.00 iters/s

running (1m46.0s), 15/20 VUs, 117 complete and 0 interrupted iterations
warm   [  35% ] 15/20 VUs  1m46.0s/5m0s  2.00 iters/s

running (1m47.0s), 17/20 VUs, 117 complete and 0 interrupted iterations
warm   [  36% ] 17/20 VUs  1m47.0s/5m0s  2.00 iters/s

running (1m48.0s), 19/20 VUs, 118 complete and 0 interrupted iterations
warm   [  36% ] 19/20 VUs  1m48.0s/5m0s  2.00 iters/s
time="2026-05-19T19:43:09+05:30" level=warning msg="Request Failed" error="Post \"http://127.0.0.1:18080/v1/feedback-records/search/semantic?limit=10&min_score=0.5\": EOF"
time="2026-05-19T19:43:09+05:30" level=warning msg="Request Failed" error="Post \"http://127.0.0.1:18080/v1/feedback-records/search/semantic?limit=10&min_score=0.5\": EOF"
time="2026-05-19T19:43:09+05:30" level=warning msg="Request Failed" error="Post \"http://127.0.0.1:18080/v1/feedback-records/search/semantic?limit=10&min_score=0.5\": EOF"
time="2026-05-19T19:43:09+05:30" level=warning msg="Request Failed" error="Post \"http://127.0.0.1:18080/v1/feedback-records/search/semantic?limit=10&min_score=0.5\": EOF"
time="2026-05-19T19:43:09+05:30" level=warning msg="Request Failed" error="Post \"http://127.0.0.1:18080/v1/feedback-records/search/semantic?limit=10&min_score=0.5\": EOF"
time="2026-05-19T19:43:09+05:30" level=warning msg="Request Failed" error="Post \"http://127.0.0.1:18080/v1/feedback-records/search/semantic?limit=10&min_score=0.5\": EOF"
time="2026-05-19T19:43:09+05:30" level=warning msg="Request Failed" error="Post \"http://127.0.0.1:18080/v1/feedback-records/search/semantic?limit=10&min_score=0.5\": EOF"

running (1m49.0s), 12/20 VUs, 126 complete and 0 interrupted iterations
warm   [  36% ] 12/20 VUs  1m49.0s/5m0s  2.00 iters/s

running (1m50.0s), 14/20 VUs, 127 complete and 0 interrupted iterations
warm   [  37% ] 14/20 VUs  1m50.0s/5m0s  2.00 iters/s

running (1m51.0s), 14/20 VUs, 129 complete and 0 interrupted iterations
warm   [  37% ] 14/20 VUs  1m51.0s/5m0s  2.00 iters/s

running (1m52.0s), 14/20 VUs, 131 complete and 0 interrupted iterations
warm   [  37% ] 14/20 VUs  1m52.0s/5m0s  2.00 iters/s

running (1m53.0s), 13/20 VUs, 133 complete and 0 interrupted iterations
warm   [  38% ] 13/20 VUs  1m53.0s/5m0s  2.00 iters/s

running (1m54.0s), 13/20 VUs, 135 complete and 0 interrupted iterations
warm   [  38% ] 13/20 VUs  1m54.0s/5m0s  2.00 iters/s

running (1m55.0s), 15/20 VUs, 136 complete and 0 interrupted iterations
warm   [  38% ] 15/20 VUs  1m55.0s/5m0s  2.00 iters/s

running (1m56.0s), 12/20 VUs, 140 complete and 0 interrupted iterations
warm   [  39% ] 13/20 VUs  1m56.0s/5m0s  2.00 iters/s
time="2026-05-19T19:43:17+05:30" level=warning msg="Request Failed" error="Post \"http://127.0.0.1:18080/v1/feedback-records/search/semantic?limit=10&min_score=0.5\": EOF"
time="2026-05-19T19:43:17+05:30" level=warning msg="Request Failed" error="Post \"http://127.0.0.1:18080/v1/feedback-records/search/semantic?limit=10&min_score=0.5\": EOF"
time="2026-05-19T19:43:17+05:30" level=warning msg="Request Failed" error="Post \"http://127.0.0.1:18080/v1/feedback-records/search/semantic?limit=10&min_score=0.5\": EOF"
time="2026-05-19T19:43:17+05:30" level=warning msg="Request Failed" error="Post \"http://127.0.0.1:18080/v1/feedback-records/search/semantic?limit=10&min_score=0.5\": EOF"

running (1m57.0s), 09/20 VUs, 146 complete and 0 interrupted iterations
warm   [  39% ] 09/20 VUs  1m57.0s/5m0s  2.00 iters/s

running (1m58.0s), 08/20 VUs, 148 complete and 0 interrupted iterations
warm   [  39% ] 08/20 VUs  1m58.0s/5m0s  2.00 iters/s

running (1m59.0s), 10/20 VUs, 148 complete and 0 interrupted iterations
warm   [  40% ] 10/20 VUs  1m59.0s/5m0s  2.00 iters/s

running (2m00.0s), 10/20 VUs, 150 complete and 0 interrupted iterations
warm   [  40% ] 10/20 VUs  2m00.0s/5m0s  2.00 iters/s

running (2m01.0s), 10/20 VUs, 152 complete and 0 interrupted iterations
warm   [  40% ] 10/20 VUs  2m01.0s/5m0s  2.00 iters/s

running (2m02.0s), 10/20 VUs, 154 complete and 0 interrupted iterations
warm   [  41% ] 10/20 VUs  2m02.0s/5m0s  2.00 iters/s

running (2m03.0s), 10/20 VUs, 156 complete and 0 interrupted iterations
warm   [  41% ] 10/20 VUs  2m03.0s/5m0s  2.00 iters/s
time="2026-05-19T19:43:25+05:30" level=warning msg="Request Failed" error="Post \"http://127.0.0.1:18080/v1/feedback-records/search/semantic?limit=10&min_score=0.5\": EOF"
time="2026-05-19T19:43:25+05:30" level=warning msg="Request Failed" error="Post \"http://127.0.0.1:18080/v1/feedback-records/search/semantic?limit=10&min_score=0.5\": EOF"
time="2026-05-19T19:43:25+05:30" level=warning msg="Request Failed" error="Post \"http://127.0.0.1:18080/v1/feedback-records/search/semantic?limit=10&min_score=0.5\": EOF"

running (2m04.0s), 06/20 VUs, 162 complete and 0 interrupted iterations
warm   [  41% ] 06/20 VUs  2m04.0s/5m0s  2.00 iters/s

running (2m05.0s), 06/20 VUs, 164 complete and 0 interrupted iterations
warm   [  42% ] 06/20 VUs  2m05.0s/5m0s  2.00 iters/s

running (2m06.0s), 06/20 VUs, 166 complete and 0 interrupted iterations
warm   [  42% ] 06/20 VUs  2m06.0s/5m0s  2.00 iters/s

running (2m07.0s), 06/20 VUs, 168 complete and 0 interrupted iterations
warm   [  42% ] 06/20 VUs  2m07.0s/5m0s  2.00 iters/s

running (2m08.0s), 07/20 VUs, 169 complete and 0 interrupted iterations
warm   [  43% ] 07/20 VUs  2m08.0s/5m0s  2.00 iters/s

running (2m09.0s), 07/20 VUs, 171 complete and 0 interrupted iterations
warm   [  43% ] 07/20 VUs  2m09.0s/5m0s  2.00 iters/s

running (2m10.0s), 07/20 VUs, 173 complete and 0 interrupted iterations
warm   [  43% ] 07/20 VUs  2m10.0s/5m0s  2.00 iters/s

running (2m11.0s), 07/20 VUs, 175 complete and 0 interrupted iterations
warm   [  44% ] 07/20 VUs  2m11.0s/5m0s  2.00 iters/s

running (2m12.0s), 04/20 VUs, 180 complete and 0 interrupted iterations
warm   [  44% ] 04/20 VUs  2m12.0s/5m0s  2.00 iters/s
time="2026-05-19T19:43:33+05:30" level=warning msg="Request Failed" error="Post \"http://127.0.0.1:18080/v1/feedback-records/search/semantic?limit=10&min_score=0.5\": EOF"
time="2026-05-19T19:43:33+05:30" level=warning msg="Request Failed" error="Post \"http://127.0.0.1:18080/v1/feedback-records/search/semantic?limit=10&min_score=0.5\": EOF"
time="2026-05-19T19:43:33+05:30" level=warning msg="Request Failed" error="Post \"http://127.0.0.1:18080/v1/feedback-records/search/semantic?limit=10&min_score=0.5\": EOF"

running (2m13.0s), 01/20 VUs, 185 complete and 0 interrupted iterations
warm   [  44% ] 01/20 VUs  2m13.0s/5m0s  2.00 iters/s

running (2m14.0s), 01/20 VUs, 187 complete and 0 interrupted iterations
warm   [  45% ] 01/20 VUs  2m14.0s/5m0s  2.00 iters/s

running (2m15.0s), 01/20 VUs, 189 complete and 0 interrupted iterations
warm   [  45% ] 01/20 VUs  2m15.0s/5m0s  2.00 iters/s

running (2m16.0s), 01/20 VUs, 191 complete and 0 interrupted iterations
warm   [  45% ] 01/20 VUs  2m16.0s/5m0s  2.00 iters/s

running (2m17.0s), 01/20 VUs, 193 complete and 0 interrupted iterations
warm   [  46% ] 01/20 VUs  2m17.0s/5m0s  2.00 iters/s

running (2m18.0s), 01/20 VUs, 195 complete and 0 interrupted iterations
warm   [  46% ] 01/20 VUs  2m18.0s/5m0s  2.00 iters/s

running (2m19.0s), 01/20 VUs, 197 complete and 0 interrupted iterations
warm   [  46% ] 01/20 VUs  2m19.0s/5m0s  2.00 iters/s

running (2m20.0s), 01/20 VUs, 199 complete and 0 interrupted iterations
warm   [  47% ] 01/20 VUs  2m20.0s/5m0s  2.00 iters/s
time="2026-05-19T19:43:41+05:30" level=warning msg="Request Failed" error="Post \"http://127.0.0.1:18080/v1/feedback-records/search/semantic?limit=10&min_score=0.5\": EOF"

running (2m21.0s), 00/20 VUs, 202 complete and 0 interrupted iterations
warm   [  47% ] 00/20 VUs  2m21.0s/5m0s  2.00 iters/s

running (2m22.0s), 00/20 VUs, 204 complete and 0 interrupted iterations
warm   [  47% ] 00/20 VUs  2m22.0s/5m0s  2.00 iters/s

running (2m23.0s), 00/20 VUs, 206 complete and 0 interrupted iterations
warm   [  48% ] 00/20 VUs  2m23.0s/5m0s  2.00 iters/s

running (2m24.0s), 00/20 VUs, 208 complete and 0 interrupted iterations
warm   [  48% ] 00/20 VUs  2m24.0s/5m0s  2.00 iters/s

running (2m25.0s), 00/20 VUs, 210 complete and 0 interrupted iterations
warm   [  48% ] 00/20 VUs  2m25.0s/5m0s  2.00 iters/s

running (2m26.0s), 00/20 VUs, 212 complete and 0 interrupted iterations
warm   [  49% ] 00/20 VUs  2m26.0s/5m0s  2.00 iters/s

running (2m27.0s), 00/20 VUs, 214 complete and 0 interrupted iterations
warm   [  49% ] 00/20 VUs  2m27.0s/5m0s  2.00 iters/s

running (2m28.0s), 00/20 VUs, 216 complete and 0 interrupted iterations
warm   [  49% ] 00/20 VUs  2m28.0s/5m0s  2.00 iters/s

running (2m29.0s), 00/20 VUs, 218 complete and 0 interrupted iterations
warm   [  50% ] 00/20 VUs  2m29.0s/5m0s  2.00 iters/s

running (2m30.0s), 00/20 VUs, 220 complete and 0 interrupted iterations
warm   [  50% ] 00/20 VUs  2m30.0s/5m0s  2.00 iters/s

running (2m31.0s), 00/20 VUs, 222 complete and 0 interrupted iterations
warm   [  50% ] 00/20 VUs  2m31.0s/5m0s  2.00 iters/s

running (2m32.0s), 00/20 VUs, 224 complete and 0 interrupted iterations
warm   [  51% ] 00/20 VUs  2m32.0s/5m0s  2.00 iters/s

running (2m33.0s), 00/20 VUs, 226 complete and 0 interrupted iterations
warm   [  51% ] 00/20 VUs  2m33.0s/5m0s  2.00 iters/s

running (2m34.0s), 00/20 VUs, 228 complete and 0 interrupted iterations
warm   [  51% ] 00/20 VUs  2m34.0s/5m0s  2.00 iters/s

running (2m35.0s), 00/20 VUs, 230 complete and 0 interrupted iterations
warm   [  52% ] 00/20 VUs  2m35.0s/5m0s  2.00 iters/s

running (2m36.0s), 00/20 VUs, 232 complete and 0 interrupted iterations
warm   [  52% ] 00/20 VUs  2m36.0s/5m0s  2.00 iters/s

running (2m37.0s), 00/20 VUs, 234 complete and 0 interrupted iterations
warm   [  52% ] 00/20 VUs  2m37.0s/5m0s  2.00 iters/s

running (2m38.0s), 00/20 VUs, 236 complete and 0 interrupted iterations
warm   [  53% ] 00/20 VUs  2m38.0s/5m0s  2.00 iters/s

running (2m39.0s), 00/20 VUs, 238 complete and 0 interrupted iterations
warm   [  53% ] 00/20 VUs  2m39.0s/5m0s  2.00 iters/s

running (2m40.0s), 00/20 VUs, 240 complete and 0 interrupted iterations
warm   [  53% ] 00/20 VUs  2m40.0s/5m0s  2.00 iters/s

running (2m41.0s), 00/20 VUs, 242 complete and 0 interrupted iterations
warm   [  54% ] 00/20 VUs  2m41.0s/5m0s  2.00 iters/s

running (2m42.0s), 00/20 VUs, 244 complete and 0 interrupted iterations
warm   [  54% ] 00/20 VUs  2m42.0s/5m0s  2.00 iters/s

running (2m43.0s), 00/20 VUs, 246 complete and 0 interrupted iterations
warm   [  54% ] 00/20 VUs  2m43.0s/5m0s  2.00 iters/s

running (2m44.0s), 00/20 VUs, 248 complete and 0 interrupted iterations
warm   [  55% ] 00/20 VUs  2m44.0s/5m0s  2.00 iters/s

running (2m45.0s), 00/20 VUs, 250 complete and 0 interrupted iterations
warm   [  55% ] 00/20 VUs  2m45.0s/5m0s  2.00 iters/s

running (2m46.0s), 00/20 VUs, 252 complete and 0 interrupted iterations
warm   [  55% ] 00/20 VUs  2m46.0s/5m0s  2.00 iters/s

running (2m47.0s), 00/20 VUs, 254 complete and 0 interrupted iterations
warm   [  56% ] 00/20 VUs  2m47.0s/5m0s  2.00 iters/s

running (2m48.0s), 00/20 VUs, 256 complete and 0 interrupted iterations
warm   [  56% ] 00/20 VUs  2m48.0s/5m0s  2.00 iters/s

running (2m49.0s), 00/20 VUs, 258 complete and 0 interrupted iterations
warm   [  56% ] 00/20 VUs  2m49.0s/5m0s  2.00 iters/s

running (2m50.0s), 00/20 VUs, 260 complete and 0 interrupted iterations
warm   [  57% ] 00/20 VUs  2m50.0s/5m0s  2.00 iters/s

running (2m51.0s), 00/20 VUs, 262 complete and 0 interrupted iterations
warm   [  57% ] 00/20 VUs  2m51.0s/5m0s  2.00 iters/s

running (2m52.0s), 00/20 VUs, 264 complete and 0 interrupted iterations
warm   [  57% ] 00/20 VUs  2m52.0s/5m0s  2.00 iters/s

running (2m53.0s), 00/20 VUs, 266 complete and 0 interrupted iterations
warm   [  58% ] 00/20 VUs  2m53.0s/5m0s  2.00 iters/s

running (2m54.0s), 00/20 VUs, 268 complete and 0 interrupted iterations
warm   [  58% ] 00/20 VUs  2m54.0s/5m0s  2.00 iters/s

running (2m55.0s), 00/20 VUs, 270 complete and 0 interrupted iterations
warm   [  58% ] 00/20 VUs  2m55.0s/5m0s  2.00 iters/s

running (2m56.0s), 00/20 VUs, 272 complete and 0 interrupted iterations
warm   [  59% ] 00/20 VUs  2m56.0s/5m0s  2.00 iters/s

running (2m57.0s), 00/20 VUs, 274 complete and 0 interrupted iterations
warm   [  59% ] 00/20 VUs  2m57.0s/5m0s  2.00 iters/s

running (2m58.0s), 00/20 VUs, 276 complete and 0 interrupted iterations
warm   [  59% ] 00/20 VUs  2m58.0s/5m0s  2.00 iters/s

running (2m59.0s), 00/20 VUs, 278 complete and 0 interrupted iterations
warm   [  60% ] 00/20 VUs  2m59.0s/5m0s  2.00 iters/s

running (3m00.0s), 00/20 VUs, 280 complete and 0 interrupted iterations
warm   [  60% ] 00/20 VUs  3m00.0s/5m0s  2.00 iters/s

running (3m01.0s), 00/20 VUs, 282 complete and 0 interrupted iterations
warm   [  60% ] 00/20 VUs  3m01.0s/5m0s  2.00 iters/s

running (3m02.0s), 00/20 VUs, 284 complete and 0 interrupted iterations
warm   [  61% ] 00/20 VUs  3m02.0s/5m0s  2.00 iters/s

running (3m03.0s), 00/20 VUs, 286 complete and 0 interrupted iterations
warm   [  61% ] 00/20 VUs  3m03.0s/5m0s  2.00 iters/s

running (3m04.0s), 00/20 VUs, 288 complete and 0 interrupted iterations
warm   [  61% ] 00/20 VUs  3m04.0s/5m0s  2.00 iters/s

running (3m05.0s), 00/20 VUs, 290 complete and 0 interrupted iterations
warm   [  62% ] 00/20 VUs  3m05.0s/5m0s  2.00 iters/s

running (3m06.0s), 00/20 VUs, 292 complete and 0 interrupted iterations
warm   [  62% ] 00/20 VUs  3m06.0s/5m0s  2.00 iters/s

running (3m07.0s), 00/20 VUs, 294 complete and 0 interrupted iterations
warm   [  62% ] 00/20 VUs  3m07.0s/5m0s  2.00 iters/s

running (3m08.0s), 00/20 VUs, 296 complete and 0 interrupted iterations
warm   [  63% ] 00/20 VUs  3m08.0s/5m0s  2.00 iters/s

running (3m09.0s), 00/20 VUs, 298 complete and 0 interrupted iterations
warm   [  63% ] 00/20 VUs  3m09.0s/5m0s  2.00 iters/s

running (3m10.0s), 00/20 VUs, 300 complete and 0 interrupted iterations
warm   [  63% ] 00/20 VUs  3m10.0s/5m0s  2.00 iters/s

running (3m11.0s), 00/20 VUs, 302 complete and 0 interrupted iterations
warm   [  64% ] 00/20 VUs  3m11.0s/5m0s  2.00 iters/s

running (3m12.0s), 00/20 VUs, 304 complete and 0 interrupted iterations
warm   [  64% ] 00/20 VUs  3m12.0s/5m0s  2.00 iters/s

running (3m13.0s), 00/20 VUs, 306 complete and 0 interrupted iterations
warm   [  64% ] 00/20 VUs  3m13.0s/5m0s  2.00 iters/s

running (3m14.0s), 00/20 VUs, 308 complete and 0 interrupted iterations
warm   [  65% ] 00/20 VUs  3m14.0s/5m0s  2.00 iters/s

running (3m15.0s), 00/20 VUs, 310 complete and 0 interrupted iterations
warm   [  65% ] 00/20 VUs  3m15.0s/5m0s  2.00 iters/s

running (3m16.0s), 00/20 VUs, 312 complete and 0 interrupted iterations
warm   [  65% ] 00/20 VUs  3m16.0s/5m0s  2.00 iters/s

running (3m17.0s), 00/20 VUs, 314 complete and 0 interrupted iterations
warm   [  66% ] 00/20 VUs  3m17.0s/5m0s  2.00 iters/s

running (3m18.0s), 00/20 VUs, 316 complete and 0 interrupted iterations
warm   [  66% ] 00/20 VUs  3m18.0s/5m0s  2.00 iters/s

running (3m19.0s), 00/20 VUs, 318 complete and 0 interrupted iterations
warm   [  66% ] 00/20 VUs  3m19.0s/5m0s  2.00 iters/s

running (3m20.0s), 00/20 VUs, 320 complete and 0 interrupted iterations
warm   [  67% ] 00/20 VUs  3m20.0s/5m0s  2.00 iters/s

running (3m21.0s), 00/20 VUs, 322 complete and 0 interrupted iterations
warm   [  67% ] 00/20 VUs  3m21.0s/5m0s  2.00 iters/s

running (3m22.0s), 00/20 VUs, 324 complete and 0 interrupted iterations
warm   [  67% ] 00/20 VUs  3m22.0s/5m0s  2.00 iters/s

running (3m23.0s), 00/20 VUs, 326 complete and 0 interrupted iterations
warm   [  68% ] 00/20 VUs  3m23.0s/5m0s  2.00 iters/s

running (3m24.0s), 00/20 VUs, 328 complete and 0 interrupted iterations
warm   [  68% ] 00/20 VUs  3m24.0s/5m0s  2.00 iters/s

running (3m25.0s), 00/20 VUs, 330 complete and 0 interrupted iterations
warm   [  68% ] 00/20 VUs  3m25.0s/5m0s  2.00 iters/s

running (3m26.0s), 00/20 VUs, 332 complete and 0 interrupted iterations
warm   [  69% ] 00/20 VUs  3m26.0s/5m0s  2.00 iters/s

running (3m27.0s), 00/20 VUs, 334 complete and 0 interrupted iterations
warm   [  69% ] 00/20 VUs  3m27.0s/5m0s  2.00 iters/s

running (3m28.0s), 00/20 VUs, 336 complete and 0 interrupted iterations
warm   [  69% ] 00/20 VUs  3m28.0s/5m0s  2.00 iters/s

running (3m29.0s), 00/20 VUs, 338 complete and 0 interrupted iterations
warm   [  70% ] 00/20 VUs  3m29.0s/5m0s  2.00 iters/s

running (3m30.0s), 00/20 VUs, 340 complete and 0 interrupted iterations
warm   [  70% ] 00/20 VUs  3m30.0s/5m0s  2.00 iters/s

running (3m31.0s), 00/20 VUs, 342 complete and 0 interrupted iterations
warm   [  70% ] 00/20 VUs  3m31.0s/5m0s  2.00 iters/s

running (3m32.0s), 00/20 VUs, 344 complete and 0 interrupted iterations
warm   [  71% ] 00/20 VUs  3m32.0s/5m0s  2.00 iters/s

running (3m33.0s), 00/20 VUs, 346 complete and 0 interrupted iterations
warm   [  71% ] 00/20 VUs  3m33.0s/5m0s  2.00 iters/s

running (3m34.0s), 00/20 VUs, 348 complete and 0 interrupted iterations
warm   [  71% ] 00/20 VUs  3m34.0s/5m0s  2.00 iters/s

running (3m35.0s), 00/20 VUs, 350 complete and 0 interrupted iterations
warm   [  72% ] 00/20 VUs  3m35.0s/5m0s  2.00 iters/s

running (3m36.0s), 00/20 VUs, 352 complete and 0 interrupted iterations
warm   [  72% ] 00/20 VUs  3m36.0s/5m0s  2.00 iters/s

running (3m37.0s), 00/20 VUs, 354 complete and 0 interrupted iterations
warm   [  72% ] 00/20 VUs  3m37.0s/5m0s  2.00 iters/s

running (3m38.0s), 00/20 VUs, 356 complete and 0 interrupted iterations
warm   [  73% ] 00/20 VUs  3m38.0s/5m0s  2.00 iters/s

running (3m39.0s), 00/20 VUs, 358 complete and 0 interrupted iterations
warm   [  73% ] 00/20 VUs  3m39.0s/5m0s  2.00 iters/s

running (3m40.0s), 00/20 VUs, 360 complete and 0 interrupted iterations
warm   [  73% ] 00/20 VUs  3m40.0s/5m0s  2.00 iters/s

running (3m41.0s), 00/20 VUs, 362 complete and 0 interrupted iterations
warm   [  74% ] 00/20 VUs  3m41.0s/5m0s  2.00 iters/s

running (3m42.0s), 00/20 VUs, 364 complete and 0 interrupted iterations
warm   [  74% ] 00/20 VUs  3m42.0s/5m0s  2.00 iters/s

running (3m43.0s), 00/20 VUs, 366 complete and 0 interrupted iterations
warm   [  74% ] 00/20 VUs  3m43.0s/5m0s  2.00 iters/s

running (3m44.0s), 00/20 VUs, 368 complete and 0 interrupted iterations
warm   [  75% ] 00/20 VUs  3m44.0s/5m0s  2.00 iters/s

running (3m45.0s), 00/20 VUs, 370 complete and 0 interrupted iterations
warm   [  75% ] 00/20 VUs  3m45.0s/5m0s  2.00 iters/s

running (3m46.0s), 00/20 VUs, 372 complete and 0 interrupted iterations
warm   [  75% ] 00/20 VUs  3m46.0s/5m0s  2.00 iters/s

running (3m47.0s), 00/20 VUs, 374 complete and 0 interrupted iterations
warm   [  76% ] 00/20 VUs  3m47.0s/5m0s  2.00 iters/s

running (3m48.0s), 00/20 VUs, 376 complete and 0 interrupted iterations
warm   [  76% ] 00/20 VUs  3m48.0s/5m0s  2.00 iters/s

running (3m49.0s), 00/20 VUs, 378 complete and 0 interrupted iterations
warm   [  76% ] 00/20 VUs  3m49.0s/5m0s  2.00 iters/s

running (3m50.0s), 00/20 VUs, 380 complete and 0 interrupted iterations
warm   [  77% ] 00/20 VUs  3m50.0s/5m0s  2.00 iters/s

running (3m51.0s), 00/20 VUs, 382 complete and 0 interrupted iterations
warm   [  77% ] 00/20 VUs  3m51.0s/5m0s  2.00 iters/s

running (3m52.0s), 00/20 VUs, 384 complete and 0 interrupted iterations
warm   [  77% ] 00/20 VUs  3m52.0s/5m0s  2.00 iters/s

running (3m53.0s), 00/20 VUs, 386 complete and 0 interrupted iterations
warm   [  78% ] 00/20 VUs  3m53.0s/5m0s  2.00 iters/s

running (3m54.0s), 00/20 VUs, 388 complete and 0 interrupted iterations
warm   [  78% ] 00/20 VUs  3m54.0s/5m0s  2.00 iters/s

running (3m55.0s), 00/20 VUs, 390 complete and 0 interrupted iterations
warm   [  78% ] 00/20 VUs  3m55.0s/5m0s  2.00 iters/s

running (3m56.0s), 00/20 VUs, 392 complete and 0 interrupted iterations
warm   [  79% ] 00/20 VUs  3m56.0s/5m0s  2.00 iters/s

running (3m57.0s), 00/20 VUs, 394 complete and 0 interrupted iterations
warm   [  79% ] 00/20 VUs  3m57.0s/5m0s  2.00 iters/s

running (3m58.0s), 00/20 VUs, 396 complete and 0 interrupted iterations
warm   [  79% ] 00/20 VUs  3m58.0s/5m0s  2.00 iters/s

running (3m59.0s), 00/20 VUs, 398 complete and 0 interrupted iterations
warm   [  80% ] 00/20 VUs  3m59.0s/5m0s  2.00 iters/s

running (4m00.0s), 00/20 VUs, 400 complete and 0 interrupted iterations
warm   [  80% ] 00/20 VUs  4m00.0s/5m0s  2.00 iters/s

running (4m01.0s), 00/20 VUs, 402 complete and 0 interrupted iterations
warm   [  80% ] 00/20 VUs  4m01.0s/5m0s  2.00 iters/s

running (4m02.0s), 00/20 VUs, 404 complete and 0 interrupted iterations
warm   [  81% ] 00/20 VUs  4m02.0s/5m0s  2.00 iters/s

running (4m03.0s), 00/20 VUs, 406 complete and 0 interrupted iterations
warm   [  81% ] 00/20 VUs  4m03.0s/5m0s  2.00 iters/s

running (4m04.0s), 00/20 VUs, 408 complete and 0 interrupted iterations
warm   [  81% ] 00/20 VUs  4m04.0s/5m0s  2.00 iters/s

running (4m05.0s), 00/20 VUs, 410 complete and 0 interrupted iterations
warm   [  82% ] 00/20 VUs  4m05.0s/5m0s  2.00 iters/s

running (4m06.0s), 00/20 VUs, 412 complete and 0 interrupted iterations
warm   [  82% ] 00/20 VUs  4m06.0s/5m0s  2.00 iters/s

running (4m07.0s), 00/20 VUs, 414 complete and 0 interrupted iterations
warm   [  82% ] 00/20 VUs  4m07.0s/5m0s  2.00 iters/s

running (4m08.0s), 00/20 VUs, 416 complete and 0 interrupted iterations
warm   [  83% ] 00/20 VUs  4m08.0s/5m0s  2.00 iters/s

running (4m09.0s), 00/20 VUs, 418 complete and 0 interrupted iterations
warm   [  83% ] 00/20 VUs  4m09.0s/5m0s  2.00 iters/s

running (4m10.0s), 00/20 VUs, 420 complete and 0 interrupted iterations
warm   [  83% ] 00/20 VUs  4m10.0s/5m0s  2.00 iters/s

running (4m11.0s), 00/20 VUs, 422 complete and 0 interrupted iterations
warm   [  84% ] 00/20 VUs  4m11.0s/5m0s  2.00 iters/s

running (4m12.0s), 00/20 VUs, 424 complete and 0 interrupted iterations
warm   [  84% ] 00/20 VUs  4m12.0s/5m0s  2.00 iters/s

running (4m13.0s), 00/20 VUs, 426 complete and 0 interrupted iterations
warm   [  84% ] 00/20 VUs  4m13.0s/5m0s  2.00 iters/s

running (4m14.0s), 00/20 VUs, 428 complete and 0 interrupted iterations
warm   [  85% ] 00/20 VUs  4m14.0s/5m0s  2.00 iters/s

running (4m15.0s), 00/20 VUs, 430 complete and 0 interrupted iterations
warm   [  85% ] 00/20 VUs  4m15.0s/5m0s  2.00 iters/s

running (4m16.0s), 00/20 VUs, 432 complete and 0 interrupted iterations
warm   [  85% ] 00/20 VUs  4m16.0s/5m0s  2.00 iters/s

running (4m17.0s), 00/20 VUs, 434 complete and 0 interrupted iterations
warm   [  86% ] 00/20 VUs  4m17.0s/5m0s  2.00 iters/s

running (4m18.0s), 00/20 VUs, 436 complete and 0 interrupted iterations
warm   [  86% ] 00/20 VUs  4m18.0s/5m0s  2.00 iters/s

running (4m19.0s), 00/20 VUs, 438 complete and 0 interrupted iterations
warm   [  86% ] 00/20 VUs  4m19.0s/5m0s  2.00 iters/s

running (4m20.0s), 00/20 VUs, 440 complete and 0 interrupted iterations
warm   [  87% ] 00/20 VUs  4m20.0s/5m0s  2.00 iters/s

running (4m21.0s), 00/20 VUs, 442 complete and 0 interrupted iterations
warm   [  87% ] 00/20 VUs  4m21.0s/5m0s  2.00 iters/s

running (4m22.0s), 00/20 VUs, 444 complete and 0 interrupted iterations
warm   [  87% ] 00/20 VUs  4m22.0s/5m0s  2.00 iters/s

running (4m23.0s), 00/20 VUs, 446 complete and 0 interrupted iterations
warm   [  88% ] 00/20 VUs  4m23.0s/5m0s  2.00 iters/s

running (4m24.0s), 00/20 VUs, 448 complete and 0 interrupted iterations
warm   [  88% ] 00/20 VUs  4m24.0s/5m0s  2.00 iters/s

running (4m25.0s), 00/20 VUs, 450 complete and 0 interrupted iterations
warm   [  88% ] 00/20 VUs  4m25.0s/5m0s  2.00 iters/s

running (4m26.0s), 00/20 VUs, 452 complete and 0 interrupted iterations
warm   [  89% ] 00/20 VUs  4m26.0s/5m0s  2.00 iters/s

running (4m27.0s), 00/20 VUs, 454 complete and 0 interrupted iterations
warm   [  89% ] 00/20 VUs  4m27.0s/5m0s  2.00 iters/s

running (4m28.0s), 00/20 VUs, 456 complete and 0 interrupted iterations
warm   [  89% ] 00/20 VUs  4m28.0s/5m0s  2.00 iters/s

running (4m29.0s), 00/20 VUs, 458 complete and 0 interrupted iterations
warm   [  90% ] 00/20 VUs  4m29.0s/5m0s  2.00 iters/s

running (4m30.0s), 00/20 VUs, 460 complete and 0 interrupted iterations
warm   [  90% ] 00/20 VUs  4m30.0s/5m0s  2.00 iters/s

running (4m31.0s), 00/20 VUs, 462 complete and 0 interrupted iterations
warm   [  90% ] 00/20 VUs  4m31.0s/5m0s  2.00 iters/s

running (4m32.0s), 00/20 VUs, 464 complete and 0 interrupted iterations
warm   [  91% ] 00/20 VUs  4m32.0s/5m0s  2.00 iters/s

running (4m33.0s), 00/20 VUs, 466 complete and 0 interrupted iterations
warm   [  91% ] 00/20 VUs  4m33.0s/5m0s  2.00 iters/s

running (4m34.0s), 00/20 VUs, 468 complete and 0 interrupted iterations
warm   [  91% ] 00/20 VUs  4m34.0s/5m0s  2.00 iters/s

running (4m35.0s), 00/20 VUs, 470 complete and 0 interrupted iterations
warm   [  92% ] 00/20 VUs  4m35.0s/5m0s  2.00 iters/s

running (4m36.0s), 00/20 VUs, 472 complete and 0 interrupted iterations
warm   [  92% ] 00/20 VUs  4m36.0s/5m0s  2.00 iters/s

running (4m37.0s), 00/20 VUs, 474 complete and 0 interrupted iterations
warm   [  92% ] 00/20 VUs  4m37.0s/5m0s  2.00 iters/s

running (4m38.0s), 00/20 VUs, 476 complete and 0 interrupted iterations
warm   [  93% ] 00/20 VUs  4m38.0s/5m0s  2.00 iters/s

running (4m39.0s), 00/20 VUs, 478 complete and 0 interrupted iterations
warm   [  93% ] 00/20 VUs  4m39.0s/5m0s  2.00 iters/s

running (4m40.0s), 00/20 VUs, 480 complete and 0 interrupted iterations
warm   [  93% ] 00/20 VUs  4m40.0s/5m0s  2.00 iters/s

running (4m41.0s), 00/20 VUs, 482 complete and 0 interrupted iterations
warm   [  94% ] 00/20 VUs  4m41.0s/5m0s  2.00 iters/s

running (4m42.0s), 00/20 VUs, 484 complete and 0 interrupted iterations
warm   [  94% ] 00/20 VUs  4m42.0s/5m0s  2.00 iters/s

running (4m43.0s), 00/20 VUs, 486 complete and 0 interrupted iterations
warm   [  94% ] 00/20 VUs  4m43.0s/5m0s  2.00 iters/s

running (4m44.0s), 00/20 VUs, 488 complete and 0 interrupted iterations
warm   [  95% ] 00/20 VUs  4m44.0s/5m0s  2.00 iters/s

running (4m45.0s), 00/20 VUs, 490 complete and 0 interrupted iterations
warm   [  95% ] 00/20 VUs  4m45.0s/5m0s  2.00 iters/s

running (4m46.0s), 00/20 VUs, 492 complete and 0 interrupted iterations
warm   [  95% ] 00/20 VUs  4m46.0s/5m0s  2.00 iters/s

running (4m47.0s), 00/20 VUs, 494 complete and 0 interrupted iterations
warm   [  96% ] 00/20 VUs  4m47.0s/5m0s  2.00 iters/s

running (4m48.0s), 00/20 VUs, 496 complete and 0 interrupted iterations
warm   [  96% ] 00/20 VUs  4m48.0s/5m0s  2.00 iters/s

running (4m49.0s), 00/20 VUs, 498 complete and 0 interrupted iterations
warm   [  96% ] 00/20 VUs  4m49.0s/5m0s  2.00 iters/s

running (4m50.0s), 00/20 VUs, 500 complete and 0 interrupted iterations
warm   [  97% ] 00/20 VUs  4m50.0s/5m0s  2.00 iters/s

running (4m51.0s), 00/20 VUs, 502 complete and 0 interrupted iterations
warm   [  97% ] 00/20 VUs  4m51.0s/5m0s  2.00 iters/s

running (4m52.0s), 00/20 VUs, 504 complete and 0 interrupted iterations
warm   [  97% ] 00/20 VUs  4m52.0s/5m0s  2.00 iters/s

running (4m53.0s), 00/20 VUs, 506 complete and 0 interrupted iterations
warm   [  98% ] 00/20 VUs  4m53.0s/5m0s  2.00 iters/s

running (4m54.0s), 00/20 VUs, 508 complete and 0 interrupted iterations
warm   [  98% ] 00/20 VUs  4m54.0s/5m0s  2.00 iters/s

running (4m55.0s), 00/20 VUs, 510 complete and 0 interrupted iterations
warm   [  98% ] 00/20 VUs  4m55.0s/5m0s  2.00 iters/s

running (4m56.0s), 00/20 VUs, 512 complete and 0 interrupted iterations
warm   [  99% ] 00/20 VUs  4m56.0s/5m0s  2.00 iters/s

running (4m57.0s), 00/20 VUs, 514 complete and 0 interrupted iterations
warm   [  99% ] 00/20 VUs  4m57.0s/5m0s  2.00 iters/s

running (4m58.0s), 00/20 VUs, 516 complete and 0 interrupted iterations
warm   [  99% ] 00/20 VUs  4m58.0s/5m0s  2.00 iters/s

running (4m59.0s), 00/20 VUs, 518 complete and 0 interrupted iterations
warm   [ 100% ] 00/20 VUs  4m59.0s/5m0s  2.00 iters/s

running (5m00.0s), 00/20 VUs, 520 complete and 0 interrupted iterations
warm   [ 100% ] 00/20 VUs  5m00.0s/5m0s  2.00 iters/s
     ✗ status 200
      ↳  88% — ✓ 460 / ✗ 60
     ✗ has results array
      ↳  88% — ✓ 460 / ✗ 60

     checks.........................: 88.46% ✓ 920      ✗ 120
     data_received..................: 1.3 MB 4.3 kB/s
     data_sent......................: 168 kB 561 B/s
     dropped_iterations.............: 80     0.266664/s
     http_req_blocked...............: avg=90.1µs  min=3µs      med=11µs     max=1.71ms p(90)=379.2µs  p(95)=567µs
     http_req_connecting............: avg=63.87µs min=0s       med=0s       max=1.57ms p(90)=292.9µs  p(95)=436.64µs
   ✗ http_req_duration..............: avg=4.09s   min=135.36ms med=139.17ms max=41.8s  p(90)=21.92s   p(95)=33.1s
       { expected_response:true }...: avg=584.2ms min=135.36ms med=138.65ms max=13.82s p(90)=404.97ms p(95)=2.38s
   ✗ http_req_failed................: 11.53% ✓ 60       ✗ 460
     http_req_receiving.............: avg=86.16µs min=0s       med=79.5µs   max=749µs  p(90)=145µs    p(95)=177.14µs
     http_req_sending...............: avg=65.15µs min=12µs     med=39µs     max=2.47ms p(90)=92.2µs   p(95)=143.19µs
     http_req_tls_handshaking.......: avg=0s      min=0s       med=0s       max=0s     p(90)=0s       p(95)=0s
     http_req_waiting...............: avg=4.09s   min=135.23ms med=139.05ms max=41.8s  p(90)=21.92s   p(95)=33.1s
     http_reqs......................: 520    1.733318/s
     iteration_duration.............: avg=4.09s   min=135.75ms med=139.78ms max=41.8s  p(90)=21.93s   p(95)=33.11s
     iterations.....................: 520    1.733318/s
     search_latency.................: avg=4.09s   min=135.36ms med=139.17ms max=41.8s  p(90)=21.92s   p(95)=33.1s
     vus............................: 0      min=0      max=20
     vus_max........................: 20     min=5      max=20
{"scenario":"hub-search/warm","duration_ms":300002.712,"http_reqs":520,"http_req_failed_rate":0.11538461538461539,"http_req_duration":{"p50":139.1725,"p95":33109.932,"p99":null,"avg":4093.779871153844},"checks":{"passes":920,"fails":120},"by_length":{},"result":"FAIL","failures":["http_req_failed_rate: 0.11538461538461539 vs 0.01"]}

running (5m00.0s), 00/20 VUs, 520 complete and 0 interrupted iterations
warm ✓ [ 100% ] 00/20 VUs  5m0s  2.00 iters/s
time="2026-05-19T19:46:21+05:30" level=error msg="thresholds on metrics 'http_req_duration, http_req_failed' have been crossed"
